Log file open, 04/10/20 16:17:54
LogWindows: Failed to load 'aqProf.dll' (GetLastError=126)
LogWindows: File 'aqProf.dll' does not exist
LogWindows: Failed to load 'VtuneApi.dll' (GetLastError=126)
LogWindows: File 'VtuneApi.dll' does not exist
LogWindows: Failed to load 'VtuneApi32e.dll' (GetLastError=126)
LogWindows: File 'VtuneApi32e.dll' does not exist
LogConsoleResponse: Display: Failed to find resolution value strings in scalability ini. Falling back to default.
LogInit: Display: Running engine for game: Sotamort
LogPlatformFile: Not using cached read wrapper
LogTaskGraph: Started task graph with 5 named threads and 23 total threads with 3 sets of task threads.
LogStats: Stats thread started at 0.092490
LogD3D11RHI: Loaded GFSDK_Aftermath_Lib.x64.dll
LogICUInternationalization: ICU TimeZone Detection - Raw Offset: +1:00, Platform Override: ''
LogPluginManager: Mounting plugin Paper2D
LogPluginManager: Mounting plugin AISupport
LogPluginManager: Mounting plugin LightPropagationVolume
LogPluginManager: Mounting plugin ActorLayerUtilities
LogPluginManager: Mounting plugin AnimationSharing
LogPluginManager: Mounting plugin CLionSourceCodeAccess
LogPluginManager: Mounting plugin CodeLiteSourceCodeAccess
LogPluginManager: Mounting plugin GitSourceControl
LogPluginManager: Mounting plugin KDevelopSourceCodeAccess
LogPluginManager: Mounting plugin NullSourceCodeAccess
LogPluginManager: Mounting plugin PerforceSourceControl
LogPluginManager: Mounting plugin PlasticSourceControl
LogPluginManager: Mounting plugin SubversionSourceControl
LogPluginManager: Mounting plugin UObjectPlugin
LogPluginManager: Mounting plugin VisualStudioCodeSourceCodeAccess
LogPluginManager: Mounting plugin VisualStudioSourceCodeAccess
LogPluginManager: Mounting plugin XCodeSourceCodeAccess
LogPluginManager: Mounting plugin AssetManagerEditor
LogPluginManager: Mounting plugin CryptoKeys
LogPluginManager: Mounting plugin CurveEditorTools
LogPluginManager: Mounting plugin DataValidation
LogPluginManager: Mounting plugin FacialAnimation
LogPluginManager: Mounting plugin GameplayTagsEditor
LogPluginManager: Mounting plugin MacGraphicsSwitching
LogPluginManager: Mounting plugin MaterialAnalyzer
LogPluginManager: Mounting plugin MobileLauncherProfileWizard
LogPluginManager: Mounting plugin PluginBrowser
LogPluginManager: Mounting plugin SpeedTreeImporter
LogPluginManager: Mounting plugin DatasmithContent
LogPluginManager: Mounting plugin VariantManagerContent
LogPluginManager: Mounting plugin AlembicImporter
LogPluginManager: Mounting plugin AutomationUtils
LogPluginManager: Mounting plugin BackChannel
LogPluginManager: Mounting plugin CharacterAI
LogPluginManager: Mounting plugin GeometryCache
LogPluginManager: Mounting plugin PlatformCrypto
LogPluginManager: Mounting plugin ProxyLODPlugin
LogPluginManager: Mounting plugin SkeletalReduction
LogPluginManager: Mounting plugin MagicLeap
LogPluginManager: Mounting plugin MagicLeapMedia
LogPluginManager: Mounting plugin MLSDK
LogPluginManager: Mounting plugin AndroidMedia
LogPluginManager: Mounting plugin AvfMedia
LogPluginManager: Mounting plugin ImgMedia
LogPluginManager: Mounting plugin MediaCompositing
LogPluginManager: Mounting plugin MediaPlayerEditor
LogPluginManager: Mounting plugin WebMMedia
LogPluginManager: Mounting plugin WmfMedia
LogPluginManager: Mounting plugin TcpMessaging
LogPluginManager: Mounting plugin UdpMessaging
LogPluginManager: Mounting plugin ActorSequence
LogPluginManager: Mounting plugin LevelSequenceEditor
LogPluginManager: Mounting plugin MatineeToLevelSequence
LogPluginManager: Mounting plugin NetcodeUnitTest
LogPluginManager: Mounting plugin NUTUnrealEngine4
LogPluginManager: Mounting plugin OnlineSubsystemGooglePlay
LogPluginManager: Mounting plugin OnlineSubsystemIOS
LogPluginManager: Mounting plugin OnlineSubsystem
LogPluginManager: Mounting plugin OnlineSubsystemNull
LogPluginManager: Mounting plugin OnlineSubsystemUtils
LogPluginManager: Mounting plugin LauncherChunkInstaller
LogPluginManager: Mounting plugin AndroidDeviceProfileSelector
LogPluginManager: Mounting plugin AndroidMoviePlayer
LogPluginManager: Mounting plugin AndroidPermission
LogPluginManager: Mounting plugin AppleImageUtils
LogPluginManager: Mounting plugin AppleMoviePlayer
LogPluginManager: Mounting plugin ArchVisCharacter
LogPluginManager: Mounting plugin AssetTags
LogPluginManager: Mounting plugin AudioCapture
LogPluginManager: Mounting plugin CableComponent
LogPluginManager: Mounting plugin CustomMeshComponent
LogPluginManager: Mounting plugin EditableMesh
LogPluginManager: Mounting plugin ExampleDeviceProfileSelector
LogPluginManager: Mounting plugin GoogleCloudMessaging
LogPluginManager: Mounting plugin IOSDeviceProfileSelector
LogPluginManager: Mounting plugin LinuxDeviceProfileSelector
LogPluginManager: Mounting plugin LocationServicesBPLibrary
LogPluginManager: Mounting plugin MobilePatchingUtils
LogPluginManager: Mounting plugin OculusVR
LogPluginManager: Mounting plugin PhysXVehicles
LogPluginManager: Mounting plugin PostSplashScreen
LogPluginManager: Mounting plugin ProceduralMeshComponent
LogPluginManager: Mounting plugin RuntimePhysXCooking
LogPluginManager: Mounting plugin SignificanceManager
LogPluginManager: Mounting plugin SteamVR
LogPluginManager: Mounting plugin WebMMoviePlayer
LogPluginManager: Mounting plugin WindowsMoviePlayer
LogPluginManager: Mounting plugin ScreenshotTools
LogInit: Using libcurl 7.55.1-DEV
LogInit:  - built for x86_64-pc-win32
LogInit:  - supports SSL with OpenSSL/1.1.1
LogInit:  - supports HTTP deflate (compression) using libz 1.2.8
LogInit:  - other features:
LogInit:      CURL_VERSION_SSL
LogInit:      CURL_VERSION_LIBZ
LogInit:      CURL_VERSION_IPV6
LogInit:      CURL_VERSION_ASYNCHDNS
LogInit:      CURL_VERSION_LARGEFILE
LogInit:      CURL_VERSION_IDN
LogInit:  CurlRequestOptions (configurable via config and command line):
LogInit:  - bVerifyPeer = true  - Libcurl will verify peer certificate
LogInit:  - bUseHttpProxy = false  - Libcurl will NOT use HTTP proxy
LogInit:  - bDontReuseConnections = false  - Libcurl will reuse connections
LogInit:  - MaxHostConnections = 16  - Libcurl will limit the number of connections to a host
LogInit:  - LocalHostAddr = Default
LogInit:  - BufferSize = 65536
LogOnline: OSS: Creating online subsystem instance for: NULL
LogInit: WinSock: version 1.1 (2.2), MaxSocks=32767, MaxUdp=65467
LogOnline: OSS: TryLoadSubsystemAndSetDefault: Loaded subsystem for module [NULL]
LogInit: Build: ++UE4+Release-4.24-CL-11100242
LogInit: Engine Version: 4.24.2-11100242+++UE4+Release-4.24
LogInit: Compatible Engine Version: 4.24.0-10570792+++UE4+Release-4.24
LogInit: Net CL: 10570792
LogInit: OS: Windows 10 (Release 1903) (), CPU: Intel(R) Core(TM) i5-8300H CPU @ 2.30GHz, GPU: Intel(R) UHD Graphics 630
LogInit: Compiled (64-bit): Jan 24 2020 02:05:53
LogInit: Compiled with Visual C++: 19.16.27032.01
LogInit: Build Configuration: Development
LogInit: Branch Name: ++UE4+Release-4.24
LogInit: Command Line: 
LogInit: Base Directory: D:/Instalacions/UE_4.24/Engine/Binaries/Win64/
LogInit: Installed Engine Build: 1
LogDevObjectVersion: Number of dev versions registered: 25
LogDevObjectVersion:   Dev-Blueprints (B0D832E4-1F89-4F0D-ACCF-7EB736FD4AA2): 10
LogDevObjectVersion:   Dev-Build (E1C64328-A22C-4D53-A36C-8E866417BD8C): 0
LogDevObjectVersion:   Dev-Core (375EC13C-06E4-48FB-B500-84F0262A717E): 3
LogDevObjectVersion:   Dev-Editor (E4B068ED-F494-42E9-A231-DA0B2E46BB41): 37
LogDevObjectVersion:   Dev-Framework (CFFC743F-43B0-4480-9391-14DF171D2073): 36
LogDevObjectVersion:   Dev-Mobile (B02B49B5-BB20-44E9-A304-32B752E40360): 2
LogDevObjectVersion:   Dev-Networking (A4E4105C-59A1-49B5-A7C5-40C4547EDFEE): 0
LogDevObjectVersion:   Dev-Online (39C831C9-5AE6-47DC-9A44-9C173E1C8E7C): 0
LogDevObjectVersion:   Dev-Physics (78F01B33-EBEA-4F98-B9B4-84EACCB95AA2): 2
LogDevObjectVersion:   Dev-Platform (6631380F-2D4D-43E0-8009-CF276956A95A): 0
LogDevObjectVersion:   Dev-Rendering (12F88B9F-8875-4AFC-A67C-D90C383ABD29): 36
LogDevObjectVersion:   Dev-Sequencer (7B5AE74C-D270-4C10-A958-57980B212A5A): 11
LogDevObjectVersion:   Dev-VR (D7296918-1DD6-4BDD-9DE2-64A83CC13884): 2
LogDevObjectVersion:   Dev-LoadTimes (C2A15278-BFE7-4AFE-6C17-90FF531DF755): 1
LogDevObjectVersion:   Private-Geometry (6EACA3D4-40EC-4CC1-B786-8BED09428FC5): 3
LogDevObjectVersion:   Dev-AnimPhys (29E575DD-E0A3-4627-9D10-D276232CDCEA): 17
LogDevObjectVersion:   Dev-Anim (AF43A65D-7FD3-4947-9873-3E8ED9C1BB05): 2
LogDevObjectVersion:   Dev-ReflectionCapture (6B266CEC-1EC7-4B8F-A30B-E4D90942FC07): 1
LogDevObjectVersion:   Dev-Automation (0DF73D61-A23F-47EA-B727-89E90C41499A): 1
LogDevObjectVersion:   FortniteMain (601D1886-AC64-4F84-AA16-D3DE0DEAC7D6): 31
LogDevObjectVersion:   Dev-Enterprise (9DFFBCD6-494F-0158-E221-12823C92A888): 8
LogDevObjectVersion:   Dev-Niagara (F2AED0AC-9AFE-416F-8664-AA7FFA26D6FC): 1
LogDevObjectVersion:   Dev-Destruction (174F1F0B-B4C6-45A5-B13F-2EE8D0FB917D): 9
LogDevObjectVersion:   Dev-Physics-Ext (35F94A83-E258-406C-A318-09F59610247C): 8
LogDevObjectVersion:   Dev-CineCamera (B2E18506-4273-CFC2-A54E-F4BB758BBA07): 1
LogInit: Presizing for max 25165824 objects, including 0 objects not considered by GC, pre-allocating 0 bytes for permanent pool.
LogInit: Object subsystem initialized
LogConfig: Setting CVar [[con.DebugEarlyDefault:1]]
LogConfig: Setting CVar [[r.setres:1280x720]]
[2020.04.10-14.17.55:089][  0]LogConfig: Setting CVar [[r.VSync:0]]
[2020.04.10-14.17.55:089][  0]LogConfig: Setting CVar [[r.RHICmdBypass:0]]
[2020.04.10-14.17.55:089][  0]LogConfig: Applying CVar settings from Section [/Script/Engine.RendererSettings] File [D:/Uni/3r/Motors2/Sotamort/Sotamort/Saved/Config/Windows/Engine.ini]
[2020.04.10-14.17.55:089][  0]LogConfig: Setting CVar [[r.GPUCrashDebugging:0]]
[2020.04.10-14.17.55:089][  0]LogConfig: Applying CVar settings from Section [/Script/Engine.RendererOverrideSettings] File [D:/Uni/3r/Motors2/Sotamort/Sotamort/Saved/Config/Windows/Engine.ini]
[2020.04.10-14.17.55:089][  0]LogConfig: Applying CVar settings from Section [/Script/Engine.StreamingSettings] File [D:/Uni/3r/Motors2/Sotamort/Sotamort/Saved/Config/Windows/Engine.ini]
[2020.04.10-14.17.55:089][  0]LogConfig: Setting CVar [[s.MinBulkDataSizeForAsyncLoading:131072]]
[2020.04.10-14.17.55:089][  0]LogConfig: Setting CVar [[s.AsyncLoadingThreadEnabled:0]]
[2020.04.10-14.17.55:089][  0]LogConfig: Setting CVar [[s.EventDrivenLoaderEnabled:1]]
[2020.04.10-14.17.55:089][  0]LogConfig: Setting CVar [[s.WarnIfTimeLimitExceeded:0]]
[2020.04.10-14.17.55:089][  0]LogConfig: Setting CVar [[s.TimeLimitExceededMultiplier:1.5]]
[2020.04.10-14.17.55:089][  0]LogConfig: Setting CVar [[s.TimeLimitExceededMinTime:0.005]]
[2020.04.10-14.17.55:089][  0]LogConfig: Setting CVar [[s.UseBackgroundLevelStreaming:1]]
[2020.04.10-14.17.55:089][  0]LogConfig: Setting CVar [[s.PriorityAsyncLoadingExtraTime:15.0]]
[2020.04.10-14.17.55:089][  0]LogConfig: Setting CVar [[s.LevelStreamingActorsUpdateTimeLimit:5.0]]
[2020.04.10-14.17.55:089][  0]LogConfig: Setting CVar [[s.PriorityLevelStreamingActorsUpdateExtraTime:5.0]]
[2020.04.10-14.17.55:089][  0]LogConfig: Setting CVar [[s.LevelStreamingComponentsRegistrationGranularity:10]]
[2020.04.10-14.17.55:090][  0]LogConfig: Setting CVar [[s.UnregisterComponentsTimeLimit:1.0]]
[2020.04.10-14.17.55:090][  0]LogConfig: Setting CVar [[s.LevelStreamingComponentsUnregistrationGranularity:5]]
[2020.04.10-14.17.55:090][  0]LogConfig: Setting CVar [[s.FlushStreamingOnExit:1]]
[2020.04.10-14.17.55:090][  0]LogConfig: Applying CVar settings from Section [/Script/Engine.GarbageCollectionSettings] File [D:/Uni/3r/Motors2/Sotamort/Sotamort/Saved/Config/Windows/Engine.ini]
[2020.04.10-14.17.55:090][  0]LogConfig: Setting CVar [[gc.MaxObjectsNotConsideredByGC:1]]
[2020.04.10-14.17.55:090][  0]LogConfig: Setting CVar [[gc.SizeOfPermanentObjectPool:0]]
[2020.04.10-14.17.55:090][  0]LogConfig: Setting CVar [[gc.FlushStreamingOnGC:0]]
[2020.04.10-14.17.55:090][  0]LogConfig: Setting CVar [[gc.NumRetriesBeforeForcingGC:10]]
[2020.04.10-14.17.55:090][  0]LogConfig: Setting CVar [[gc.AllowParallelGC:1]]
[2020.04.10-14.17.55:090][  0]LogConfig: Setting CVar [[gc.TimeBetweenPurgingPendingKillObjects:61.1]]
[2020.04.10-14.17.55:090][  0]LogConfig: Setting CVar [[gc.MaxObjectsInEditor:25165824]]
[2020.04.10-14.17.55:090][  0]LogConfig: Setting CVar [[gc.IncrementalBeginDestroyEnabled:1]]
[2020.04.10-14.17.55:090][  0]LogConfig: Setting CVar [[gc.CreateGCClusters:1]]
[2020.04.10-14.17.55:090][  0]LogConfig: Setting CVar [[gc.MinGCClusterSize:5]]
[2020.04.10-14.17.55:090][  0]LogConfig: Setting CVar [[gc.ActorClusteringEnabled:0]]
[2020.04.10-14.17.55:090][  0]LogConfig: Setting CVar [[gc.BlueprintClusteringEnabled:0]]
[2020.04.10-14.17.55:090][  0]LogConfig: Setting CVar [[gc.UseDisregardForGCOnDedicatedServers:0]]
[2020.04.10-14.17.55:090][  0]LogConfig: Applying CVar settings from Section [/Script/Engine.NetworkSettings] File [D:/Uni/3r/Motors2/Sotamort/Sotamort/Saved/Config/Windows/Engine.ini]
[2020.04.10-14.17.55:090][  0]LogConfig: Applying CVar settings from Section [/Script/UnrealEd.CookerSettings] File [D:/Uni/3r/Motors2/Sotamort/Sotamort/Saved/Config/Windows/Engine.ini]
[2020.04.10-14.17.55:093][  0]LogConfig: Applying CVar settings from Section [ViewDistanceQuality@3] File [D:/Uni/3r/Motors2/Sotamort/Sotamort/Saved/Config/Windows/Scalability.ini]
[2020.04.10-14.17.55:093][  0]LogConfig: Setting CVar [[r.SkeletalMeshLODBias:0]]
[2020.04.10-14.17.55:093][  0]LogConfig: Setting CVar [[r.ViewDistanceScale:1.0]]
[2020.04.10-14.17.55:093][  0]LogConfig: Applying CVar settings from Section [AntiAliasingQuality@3] File [D:/Uni/3r/Motors2/Sotamort/Sotamort/Saved/Config/Windows/Scalability.ini]
[2020.04.10-14.17.55:093][  0]LogConfig: Setting CVar [[r.PostProcessAAQuality:4]]
[2020.04.10-14.17.55:093][  0]LogConfig: Applying CVar settings from Section [ShadowQuality@3] File [D:/Uni/3r/Motors2/Sotamort/Sotamort/Saved/Config/Windows/Scalability.ini]
[2020.04.10-14.17.55:093][  0]LogConfig: Setting CVar [[r.LightFunctionQuality:1]]
[2020.04.10-14.17.55:093][  0]LogConfig: Setting CVar [[r.ShadowQuality:5]]
[2020.04.10-14.17.55:093][  0]LogConfig: Setting CVar [[r.Shadow.CSM.MaxCascades:10]]
[2020.04.10-14.17.55:093][  0]LogConfig: Setting CVar [[r.Shadow.MaxResolution:2048]]
[2020.04.10-14.17.55:093][  0]LogConfig: Setting CVar [[r.Shadow.MaxCSMResolution:2048]]
[2020.04.10-14.17.55:093][  0]LogConfig: Setting CVar [[r.Shadow.RadiusThreshold:0.01]]
[2020.04.10-14.17.55:093][  0]LogConfig: Setting CVar [[r.Shadow.DistanceScale:1.0]]
[2020.04.10-14.17.55:093][  0]LogConfig: Setting CVar [[r.Shadow.CSM.TransitionScale:1.0]]
[2020.04.10-14.17.55:093][  0]LogConfig: Setting CVar [[r.Shadow.PreShadowResolutionFactor:1.0]]
[2020.04.10-14.17.55:093][  0]LogConfig: Setting CVar [[r.DistanceFieldShadowing:1]]
[2020.04.10-14.17.55:093][  0]LogConfig: Setting CVar [[r.DistanceFieldAO:1]]
[2020.04.10-14.17.55:093][  0]LogConfig: Setting CVar [[r.AOQuality:2]]
[2020.04.10-14.17.55:093][  0]LogConfig: Setting CVar [[r.VolumetricFog:1]]
[2020.04.10-14.17.55:093][  0]LogConfig: Setting CVar [[r.VolumetricFog.GridPixelSize:8]]
[2020.04.10-14.17.55:093][  0]LogConfig: Setting CVar [[r.VolumetricFog.GridSizeZ:128]]
[2020.04.10-14.17.55:093][  0]LogConfig: Setting CVar [[r.VolumetricFog.HistoryMissSupersampleCount:4]]
[2020.04.10-14.17.55:093][  0]LogConfig: Setting CVar [[r.LightMaxDrawDistanceScale:1]]
[2020.04.10-14.17.55:093][  0]LogConfig: Setting CVar [[r.CapsuleShadows:1]]
[2020.04.10-14.17.55:093][  0]LogConfig: Applying CVar settings from Section [PostProcessQuality@3] File [D:/Uni/3r/Motors2/Sotamort/Sotamort/Saved/Config/Windows/Scalability.ini]
[2020.04.10-14.17.55:093][  0]LogConfig: Setting CVar [[r.MotionBlurQuality:4]]
[2020.04.10-14.17.55:093][  0]LogConfig: Setting CVar [[r.AmbientOcclusionMipLevelFactor:0.4]]
[2020.04.10-14.17.55:093][  0]LogConfig: Setting CVar [[r.AmbientOcclusionMaxQuality:100]]
[2020.04.10-14.17.55:093][  0]LogConfig: Setting CVar [[r.AmbientOcclusionLevels:-1]]
[2020.04.10-14.17.55:093][  0]LogConfig: Setting CVar [[r.AmbientOcclusionRadiusScale:1.0]]
[2020.04.10-14.17.55:093][  0]LogConfig: Setting CVar [[r.DepthOfFieldQuality:2]]
[2020.04.10-14.17.55:093][  0]LogConfig: Setting CVar [[r.RenderTargetPoolMin:400]]
[2020.04.10-14.17.55:093][  0]LogConfig: Setting CVar [[r.LensFlareQuality:2]]
[2020.04.10-14.17.55:093][  0]LogConfig: Setting CVar [[r.SceneColorFringeQuality:1]]
[2020.04.10-14.17.55:093][  0]LogConfig: Setting CVar [[r.EyeAdaptationQuality:2]]
[2020.04.10-14.17.55:093][  0]LogConfig: Setting CVar [[r.BloomQuality:5]]
[2020.04.10-14.17.55:093][  0]LogConfig: Setting CVar [[r.FastBlurThreshold:100]]
[2020.04.10-14.17.55:093][  0]LogConfig: Setting CVar [[r.Upscale.Quality:3]]
[2020.04.10-14.17.55:094][  0]LogConfig: Setting CVar [[r.Tonemapper.GrainQuantization:1]]
[2020.04.10-14.17.55:094][  0]LogConfig: Setting CVar [[r.LightShaftQuality:1]]
[2020.04.10-14.17.55:094][  0]LogConfig: Setting CVar [[r.Filter.SizeScale:1]]
[2020.04.10-14.17.55:094][  0]LogConfig: Setting CVar [[r.Tonemapper.Quality:5]]
[2020.04.10-14.17.55:094][  0]LogConfig: Setting CVar [[r.DOF.Gather.AccumulatorQuality:1        ; higher gathering accumulator quality]]
[2020.04.10-14.17.55:094][  0]LogConfig: Setting CVar [[r.DOF.Gather.PostfilterMethod:1          ; Median3x3 postfilering method]]
[2020.04.10-14.17.55:094][  0]LogConfig: Setting CVar [[r.DOF.Gather.EnableBokehSettings:0       ; no bokeh simulation when gathering]]
[2020.04.10-14.17.55:094][  0]LogConfig: Setting CVar [[r.DOF.Gather.RingCount:4                 ; medium number of samples when gathering]]
[2020.04.10-14.17.55:094][  0]LogConfig: Setting CVar [[r.DOF.Scatter.ForegroundCompositing:1    ; additive foreground scattering]]
[2020.04.10-14.17.55:094][  0]LogConfig: Setting CVar [[r.DOF.Scatter.BackgroundCompositing:2    ; additive background scattering]]
[2020.04.10-14.17.55:094][  0]LogConfig: Setting CVar [[r.DOF.Scatter.EnableBokehSettings:1      ; bokeh simulation when scattering]]
[2020.04.10-14.17.55:094][  0]LogConfig: Setting CVar [[r.DOF.Scatter.MaxSpriteRatio:0.1         ; only a maximum of 10% of scattered bokeh]]
[2020.04.10-14.17.55:094][  0]LogConfig: Setting CVar [[r.DOF.Recombine.Quality:1                ; cheap slight out of focus]]
[2020.04.10-14.17.55:094][  0]LogConfig: Setting CVar [[r.DOF.Recombine.EnableBokehSettings:0    ; no bokeh simulation on slight out of focus]]
[2020.04.10-14.17.55:094][  0]LogConfig: Setting CVar [[r.DOF.TemporalAAQuality:1                ; more stable temporal accumulation]]
[2020.04.10-14.17.55:094][  0]LogConfig: Setting CVar [[r.DOF.Kernel.MaxForegroundRadius:0.025]]
[2020.04.10-14.17.55:094][  0]LogConfig: Setting CVar [[r.DOF.Kernel.MaxBackgroundRadius:0.025]]
[2020.04.10-14.17.55:094][  0]LogConfig: Applying CVar settings from Section [TextureQuality@3] File [D:/Uni/3r/Motors2/Sotamort/Sotamort/Saved/Config/Windows/Scalability.ini]
[2020.04.10-14.17.55:094][  0]LogConfig: Setting CVar [[r.Streaming.MipBias:0]]
[2020.04.10-14.17.55:094][  0]LogConfig: Setting CVar [[r.Streaming.AmortizeCPUToGPUCopy:0]]
[2020.04.10-14.17.55:094][  0]LogConfig: Setting CVar [[r.Streaming.MaxNumTexturesToStreamPerFrame:0]]
[2020.04.10-14.17.55:094][  0]LogConfig: Setting CVar [[r.Streaming.Boost:1]]
[2020.04.10-14.17.55:094][  0]LogConfig: Setting CVar [[r.MaxAnisotropy:8]]
[2020.04.10-14.17.55:094][  0]LogConfig: Setting CVar [[r.VT.MaxAnisotropy:8]]
[2020.04.10-14.17.55:094][  0]LogConfig: Setting CVar [[r.Streaming.LimitPoolSizeToVRAM:0]]
[2020.04.10-14.17.55:094][  0]LogConfig: Setting CVar [[r.Streaming.PoolSize:1000]]
[2020.04.10-14.17.55:094][  0]LogConfig: Setting CVar [[r.Streaming.MaxEffectiveScreenSize:0]]
[2020.04.10-14.17.55:094][  0]LogConfig: Applying CVar settings from Section [EffectsQuality@3] File [D:/Uni/3r/Motors2/Sotamort/Sotamort/Saved/Config/Windows/Scalability.ini]
[2020.04.10-14.17.55:094][  0]LogConfig: Setting CVar [[r.TranslucencyLightingVolumeDim:64]]
[2020.04.10-14.17.55:094][  0]LogConfig: Setting CVar [[r.RefractionQuality:2]]
[2020.04.10-14.17.55:094][  0]LogConfig: Setting CVar [[r.SSR.Quality:3]]
[2020.04.10-14.17.55:094][  0]LogConfig: Setting CVar [[r.SSR.HalfResSceneColor:0]]
[2020.04.10-14.17.55:094][  0]LogConfig: Setting CVar [[r.SceneColorFormat:4]]
[2020.04.10-14.17.55:094][  0]LogConfig: Setting CVar [[r.DetailMode:2]]
[2020.04.10-14.17.55:094][  0]LogConfig: Setting CVar [[r.TranslucencyVolumeBlur:1]]
[2020.04.10-14.17.55:094][  0]LogConfig: Setting CVar [[r.MaterialQualityLevel:1 ; High quality]]
[2020.04.10-14.17.55:094][  0]LogConfig: Setting CVar [[r.SSS.Scale:1]]
[2020.04.10-14.17.55:094][  0]LogConfig: Setting CVar [[r.SSS.SampleSet:2]]
[2020.04.10-14.17.55:094][  0]LogConfig: Setting CVar [[r.SSS.Quality:1]]
[2020.04.10-14.17.55:094][  0]LogConfig: Setting CVar [[r.SSS.HalfRes:1]]
[2020.04.10-14.17.55:094][  0]LogConfig: Setting CVar [[r.SSGI.Quality:3]]
[2020.04.10-14.17.55:094][  0]LogConfig: Setting CVar [[r.EmitterSpawnRateScale:1.0]]
[2020.04.10-14.17.55:094][  0]LogConfig: Setting CVar [[r.ParticleLightQuality:2]]
[2020.04.10-14.17.55:094][  0]LogConfig: Setting CVar [[r.SkyAtmosphere.AerialPerspectiveLUT.FastApplyOnOpaque:1 ; Always have FastSkyLUT 1 in this case to avoid wrong sky]]
[2020.04.10-14.17.55:094][  0]LogConfig: Setting CVar [[r.SkyAtmosphere.AerialPerspectiveLUT.SampleCountPerSlice:1]]
[2020.04.10-14.17.55:094][  0]LogConfig: Setting CVar [[r.SkyAtmosphere.AerialPerspectiveLUT.DepthResolution:16.0]]
[2020.04.10-14.17.55:094][  0]LogConfig: Setting CVar [[r.SkyAtmosphere.FastSkyLUT:1]]
[2020.04.10-14.17.55:094][  0]LogConfig: Setting CVar [[r.SkyAtmosphere.FastSkyLUT.SampleCountMin:4.0]]
[2020.04.10-14.17.55:095][  0]LogConfig: Setting CVar [[r.SkyAtmosphere.FastSkyLUT.SampleCountMax:32.0]]
[2020.04.10-14.17.55:095][  0]LogConfig: Setting CVar [[r.SkyAtmosphere.SampleCountMin:4.0]]
[2020.04.10-14.17.55:095][  0]LogConfig: Setting CVar [[r.SkyAtmosphere.SampleCountMax:32.0]]
[2020.04.10-14.17.55:095][  0]LogConfig: Setting CVar [[r.SkyAtmosphere.TransmittanceLUT.UseSmallFormat:0]]
[2020.04.10-14.17.55:095][  0]LogConfig: Setting CVar [[r.SkyAtmosphere.TransmittanceLUT.SampleCount:10.0]]
[2020.04.10-14.17.55:095][  0]LogConfig: Setting CVar [[r.SkyAtmosphere.MultiScatteringLUT.SampleCount:15.0]]
[2020.04.10-14.17.55:095][  0]LogConfig: Applying CVar settings from Section [FoliageQuality@3] File [D:/Uni/3r/Motors2/Sotamort/Sotamort/Saved/Config/Windows/Scalability.ini]
[2020.04.10-14.17.55:095][  0]LogConfig: Setting CVar [[foliage.DensityScale:1.0]]
[2020.04.10-14.17.55:095][  0]LogConfig: Setting CVar [[grass.DensityScale:1.0]]
[2020.04.10-14.17.55:095][  0]LogConfig: Applying CVar settings from Section [ShadingQuality@3] File [D:/Uni/3r/Motors2/Sotamort/Sotamort/Saved/Config/Windows/Scalability.ini]
[2020.04.10-14.17.55:095][  0]LogConfig: Setting CVar [[r.HairStrands.SkyLighting.SampleCount:16]]
[2020.04.10-14.17.55:095][  0]LogConfig: Setting CVar [[r.HairStrands.SkyLighting.JitterIntegration:0]]
[2020.04.10-14.17.55:095][  0]LogConfig: Setting CVar [[r.HairStrands.SkyAO.SampleCount:16]]
[2020.04.10-14.17.55:095][  0]LogInit: Selected Device Profile: [Windows]
[2020.04.10-14.17.55:095][  0]LogInit: Applying CVar settings loaded from the selected device profile: [Windows]
[2020.04.10-14.17.55:098][  0]LogHAL: Display: Platform has ~ 8 GB [8424574976 / 8589934592 / 8], which maps to Default [LargestMinGB=32, LargerMinGB=12, DefaultMinGB=8, SmallerMinGB=6, SmallestMinGB=0)
[2020.04.10-14.17.55:098][  0]LogInit: Going up to parent DeviceProfile []
[2020.04.10-14.17.55:098][  0]LogConfig: Applying CVar settings from Section [ViewDistanceQuality@3] File [D:/Uni/3r/Motors2/Sotamort/Sotamort/Saved/Config/Windows/Scalability.ini]
[2020.04.10-14.17.55:098][  0]LogConfig: Setting CVar [[r.SkeletalMeshLODBias:0]]
[2020.04.10-14.17.55:098][  0]LogConfig: Setting CVar [[r.ViewDistanceScale:1.0]]
[2020.04.10-14.17.55:098][  0]LogConfig: Applying CVar settings from Section [AntiAliasingQuality@3] File [D:/Uni/3r/Motors2/Sotamort/Sotamort/Saved/Config/Windows/Scalability.ini]
[2020.04.10-14.17.55:098][  0]LogConfig: Setting CVar [[r.PostProcessAAQuality:4]]
[2020.04.10-14.17.55:098][  0]LogConfig: Applying CVar settings from Section [ShadowQuality@3] File [D:/Uni/3r/Motors2/Sotamort/Sotamort/Saved/Config/Windows/Scalability.ini]
[2020.04.10-14.17.55:098][  0]LogConfig: Setting CVar [[r.LightFunctionQuality:1]]
[2020.04.10-14.17.55:098][  0]LogConfig: Setting CVar [[r.ShadowQuality:5]]
[2020.04.10-14.17.55:098][  0]LogConfig: Setting CVar [[r.Shadow.CSM.MaxCascades:10]]
[2020.04.10-14.17.55:098][  0]LogConfig: Setting CVar [[r.Shadow.MaxResolution:2048]]
[2020.04.10-14.17.55:098][  0]LogConfig: Setting CVar [[r.Shadow.MaxCSMResolution:2048]]
[2020.04.10-14.17.55:098][  0]LogConfig: Setting CVar [[r.Shadow.RadiusThreshold:0.01]]
[2020.04.10-14.17.55:098][  0]LogConfig: Setting CVar [[r.Shadow.DistanceScale:1.0]]
[2020.04.10-14.17.55:098][  0]LogConfig: Setting CVar [[r.Shadow.CSM.TransitionScale:1.0]]
[2020.04.10-14.17.55:098][  0]LogConfig: Setting CVar [[r.Shadow.PreShadowResolutionFactor:1.0]]
[2020.04.10-14.17.55:098][  0]LogConfig: Setting CVar [[r.DistanceFieldShadowing:1]]
[2020.04.10-14.17.55:098][  0]LogConfig: Setting CVar [[r.DistanceFieldAO:1]]
[2020.04.10-14.17.55:098][  0]LogConfig: Setting CVar [[r.AOQuality:2]]
[2020.04.10-14.17.55:098][  0]LogConfig: Setting CVar [[r.VolumetricFog:1]]
[2020.04.10-14.17.55:098][  0]LogConfig: Setting CVar [[r.VolumetricFog.GridPixelSize:8]]
[2020.04.10-14.17.55:098][  0]LogConfig: Setting CVar [[r.VolumetricFog.GridSizeZ:128]]
[2020.04.10-14.17.55:098][  0]LogConfig: Setting CVar [[r.VolumetricFog.HistoryMissSupersampleCount:4]]
[2020.04.10-14.17.55:098][  0]LogConfig: Setting CVar [[r.LightMaxDrawDistanceScale:1]]
[2020.04.10-14.17.55:098][  0]LogConfig: Setting CVar [[r.CapsuleShadows:1]]
[2020.04.10-14.17.55:098][  0]LogConfig: Applying CVar settings from Section [PostProcessQuality@3] File [D:/Uni/3r/Motors2/Sotamort/Sotamort/Saved/Config/Windows/Scalability.ini]
[2020.04.10-14.17.55:098][  0]LogConfig: Setting CVar [[r.MotionBlurQuality:4]]
[2020.04.10-14.17.55:098][  0]LogConfig: Setting CVar [[r.AmbientOcclusionMipLevelFactor:0.4]]
[2020.04.10-14.17.55:099][  0]LogConfig: Setting CVar [[r.AmbientOcclusionMaxQuality:100]]
[2020.04.10-14.17.55:099][  0]LogConfig: Setting CVar [[r.AmbientOcclusionLevels:-1]]
[2020.04.10-14.17.55:099][  0]LogConfig: Setting CVar [[r.AmbientOcclusionRadiusScale:1.0]]
[2020.04.10-14.17.55:099][  0]LogConfig: Setting CVar [[r.DepthOfFieldQuality:2]]
[2020.04.10-14.17.55:099][  0]LogConfig: Setting CVar [[r.RenderTargetPoolMin:400]]
[2020.04.10-14.17.55:099][  0]LogConfig: Setting CVar [[r.LensFlareQuality:2]]
[2020.04.10-14.17.55:099][  0]LogConfig: Setting CVar [[r.SceneColorFringeQuality:1]]
[2020.04.10-14.17.55:099][  0]LogConfig: Setting CVar [[r.EyeAdaptationQuality:2]]
[2020.04.10-14.17.55:099][  0]LogConfig: Setting CVar [[r.BloomQuality:5]]
[2020.04.10-14.17.55:099][  0]LogConfig: Setting CVar [[r.FastBlurThreshold:100]]
[2020.04.10-14.17.55:099][  0]LogConfig: Setting CVar [[r.Upscale.Quality:3]]
[2020.04.10-14.17.55:099][  0]LogConfig: Setting CVar [[r.Tonemapper.GrainQuantization:1]]
[2020.04.10-14.17.55:099][  0]LogConfig: Setting CVar [[r.LightShaftQuality:1]]
[2020.04.10-14.17.55:099][  0]LogConfig: Setting CVar [[r.Filter.SizeScale:1]]
[2020.04.10-14.17.55:099][  0]LogConfig: Setting CVar [[r.Tonemapper.Quality:5]]
[2020.04.10-14.17.55:099][  0]LogConfig: Setting CVar [[r.DOF.Gather.AccumulatorQuality:1        ; higher gathering accumulator quality]]
[2020.04.10-14.17.55:099][  0]LogConfig: Setting CVar [[r.DOF.Gather.PostfilterMethod:1          ; Median3x3 postfilering method]]
[2020.04.10-14.17.55:099][  0]LogConfig: Setting CVar [[r.DOF.Gather.EnableBokehSettings:0       ; no bokeh simulation when gathering]]
[2020.04.10-14.17.55:099][  0]LogConfig: Setting CVar [[r.DOF.Gather.RingCount:4                 ; medium number of samples when gathering]]
[2020.04.10-14.17.55:099][  0]LogConfig: Setting CVar [[r.DOF.Scatter.ForegroundCompositing:1    ; additive foreground scattering]]
[2020.04.10-14.17.55:099][  0]LogConfig: Setting CVar [[r.DOF.Scatter.BackgroundCompositing:2    ; additive background scattering]]
[2020.04.10-14.17.55:099][  0]LogConfig: Setting CVar [[r.DOF.Scatter.EnableBokehSettings:1      ; bokeh simulation when scattering]]
[2020.04.10-14.17.55:099][  0]LogConfig: Setting CVar [[r.DOF.Scatter.MaxSpriteRatio:0.1         ; only a maximum of 10% of scattered bokeh]]
[2020.04.10-14.17.55:099][  0]LogConfig: Setting CVar [[r.DOF.Recombine.Quality:1                ; cheap slight out of focus]]
[2020.04.10-14.17.55:099][  0]LogConfig: Setting CVar [[r.DOF.Recombine.EnableBokehSettings:0    ; no bokeh simulation on slight out of focus]]
[2020.04.10-14.17.55:099][  0]LogConfig: Setting CVar [[r.DOF.TemporalAAQuality:1                ; more stable temporal accumulation]]
[2020.04.10-14.17.55:099][  0]LogConfig: Setting CVar [[r.DOF.Kernel.MaxForegroundRadius:0.025]]
[2020.04.10-14.17.55:099][  0]LogConfig: Setting CVar [[r.DOF.Kernel.MaxBackgroundRadius:0.025]]
[2020.04.10-14.17.55:099][  0]LogConfig: Applying CVar settings from Section [TextureQuality@3] File [D:/Uni/3r/Motors2/Sotamort/Sotamort/Saved/Config/Windows/Scalability.ini]
[2020.04.10-14.17.55:099][  0]LogConfig: Setting CVar [[r.Streaming.MipBias:0]]
[2020.04.10-14.17.55:099][  0]LogConfig: Setting CVar [[r.Streaming.AmortizeCPUToGPUCopy:0]]
[2020.04.10-14.17.55:099][  0]LogConfig: Setting CVar [[r.Streaming.MaxNumTexturesToStreamPerFrame:0]]
[2020.04.10-14.17.55:099][  0]LogConfig: Setting CVar [[r.Streaming.Boost:1]]
[2020.04.10-14.17.55:099][  0]LogConfig: Setting CVar [[r.MaxAnisotropy:8]]
[2020.04.10-14.17.55:099][  0]LogConfig: Setting CVar [[r.VT.MaxAnisotropy:8]]
[2020.04.10-14.17.55:099][  0]LogConfig: Setting CVar [[r.Streaming.LimitPoolSizeToVRAM:0]]
[2020.04.10-14.17.55:099][  0]LogConfig: Setting CVar [[r.Streaming.PoolSize:1000]]
[2020.04.10-14.17.55:099][  0]LogConfig: Setting CVar [[r.Streaming.MaxEffectiveScreenSize:0]]
[2020.04.10-14.17.55:099][  0]LogConfig: Applying CVar settings from Section [EffectsQuality@3] File [D:/Uni/3r/Motors2/Sotamort/Sotamort/Saved/Config/Windows/Scalability.ini]
[2020.04.10-14.17.55:099][  0]LogConfig: Setting CVar [[r.TranslucencyLightingVolumeDim:64]]
[2020.04.10-14.17.55:099][  0]LogConfig: Setting CVar [[r.RefractionQuality:2]]
[2020.04.10-14.17.55:099][  0]LogConfig: Setting CVar [[r.SSR.Quality:3]]
[2020.04.10-14.17.55:099][  0]LogConfig: Setting CVar [[r.SSR.HalfResSceneColor:0]]
[2020.04.10-14.17.55:099][  0]LogConfig: Setting CVar [[r.SceneColorFormat:4]]
[2020.04.10-14.17.55:099][  0]LogConfig: Setting CVar [[r.DetailMode:2]]
[2020.04.10-14.17.55:099][  0]LogConfig: Setting CVar [[r.TranslucencyVolumeBlur:1]]
[2020.04.10-14.17.55:099][  0]LogConfig: Setting CVar [[r.MaterialQualityLevel:1 ; High quality]]
[2020.04.10-14.17.55:099][  0]LogConfig: Setting CVar [[r.SSS.Scale:1]]
[2020.04.10-14.17.55:099][  0]LogConfig: Setting CVar [[r.SSS.SampleSet:2]]
[2020.04.10-14.17.55:099][  0]LogConfig: Setting CVar [[r.SSS.Quality:1]]
[2020.04.10-14.17.55:100][  0]LogConfig: Setting CVar [[r.SSS.HalfRes:1]]
[2020.04.10-14.17.55:100][  0]LogConfig: Setting CVar [[r.SSGI.Quality:3]]
[2020.04.10-14.17.55:100][  0]LogConfig: Setting CVar [[r.EmitterSpawnRateScale:1.0]]
[2020.04.10-14.17.55:100][  0]LogConfig: Setting CVar [[r.ParticleLightQuality:2]]
[2020.04.10-14.17.55:100][  0]LogConfig: Setting CVar [[r.SkyAtmosphere.AerialPerspectiveLUT.FastApplyOnOpaque:1 ; Always have FastSkyLUT 1 in this case to avoid wrong sky]]
[2020.04.10-14.17.55:100][  0]LogConfig: Setting CVar [[r.SkyAtmosphere.AerialPerspectiveLUT.SampleCountPerSlice:1]]
[2020.04.10-14.17.55:100][  0]LogConfig: Setting CVar [[r.SkyAtmosphere.AerialPerspectiveLUT.DepthResolution:16.0]]
[2020.04.10-14.17.55:100][  0]LogConfig: Setting CVar [[r.SkyAtmosphere.FastSkyLUT:1]]
[2020.04.10-14.17.55:100][  0]LogConfig: Setting CVar [[r.SkyAtmosphere.FastSkyLUT.SampleCountMin:4.0]]
[2020.04.10-14.17.55:100][  0]LogConfig: Setting CVar [[r.SkyAtmosphere.FastSkyLUT.SampleCountMax:32.0]]
[2020.04.10-14.17.55:100][  0]LogConfig: Setting CVar [[r.SkyAtmosphere.SampleCountMin:4.0]]
[2020.04.10-14.17.55:100][  0]LogConfig: Setting CVar [[r.SkyAtmosphere.SampleCountMax:32.0]]
[2020.04.10-14.17.55:100][  0]LogConfig: Setting CVar [[r.SkyAtmosphere.TransmittanceLUT.UseSmallFormat:0]]
[2020.04.10-14.17.55:100][  0]LogConfig: Setting CVar [[r.SkyAtmosphere.TransmittanceLUT.SampleCount:10.0]]
[2020.04.10-14.17.55:100][  0]LogConfig: Setting CVar [[r.SkyAtmosphere.MultiScatteringLUT.SampleCount:15.0]]
[2020.04.10-14.17.55:100][  0]LogConfig: Applying CVar settings from Section [FoliageQuality@3] File [D:/Uni/3r/Motors2/Sotamort/Sotamort/Saved/Config/Windows/Scalability.ini]
[2020.04.10-14.17.55:100][  0]LogConfig: Setting CVar [[foliage.DensityScale:1.0]]
[2020.04.10-14.17.55:100][  0]LogConfig: Setting CVar [[grass.DensityScale:1.0]]
[2020.04.10-14.17.55:100][  0]LogConfig: Applying CVar settings from Section [ShadingQuality@3] File [D:/Uni/3r/Motors2/Sotamort/Sotamort/Saved/Config/Windows/Scalability.ini]
[2020.04.10-14.17.55:100][  0]LogConfig: Setting CVar [[r.HairStrands.SkyLighting.SampleCount:16]]
[2020.04.10-14.17.55:100][  0]LogConfig: Setting CVar [[r.HairStrands.SkyLighting.JitterIntegration:0]]
[2020.04.10-14.17.55:100][  0]LogConfig: Setting CVar [[r.HairStrands.SkyAO.SampleCount:16]]
[2020.04.10-14.17.55:100][  0]LogConfig: Applying CVar settings from Section [Startup] File [../../../Engine/Config/ConsoleVariables.ini]
[2020.04.10-14.17.55:100][  0]LogConfig: Setting CVar [[net.UseAdaptiveNetUpdateFrequency:0]]
[2020.04.10-14.17.55:100][  0]LogConfig: Setting CVar [[p.chaos.AllowCreatePhysxBodies:1]]
[2020.04.10-14.17.55:100][  0]LogConfig: Applying CVar settings from Section [ConsoleVariables] File [D:/Uni/3r/Motors2/Sotamort/Sotamort/Saved/Config/Windows/Engine.ini]
[2020.04.10-14.17.55:100][  0]LogInit: Computer: DESKTOP-C54KNHT
[2020.04.10-14.17.55:100][  0]LogInit: User: Usuari
[2020.04.10-14.17.55:100][  0]LogInit: CPU Page size=4096, Cores=4
[2020.04.10-14.17.55:100][  0]LogInit: High frequency timer resolution =10.000000 MHz
[2020.04.10-14.17.55:101][  0]LogMemory: Memory total: Physical=7.8GB (8GB approx)
[2020.04.10-14.17.55:101][  0]LogMemory: Platform Memory Stats for Windows
[2020.04.10-14.17.55:101][  0]LogMemory: Process Physical Memory: 104.57 MB used, 104.58 MB peak
[2020.04.10-14.17.55:101][  0]LogMemory: Process Virtual Memory: 100.59 MB used, 100.59 MB peak
[2020.04.10-14.17.55:101][  0]LogMemory: Physical Memory: 5470.42 MB used,  2563.88 MB free, 8034.30 MB total
[2020.04.10-14.17.55:101][  0]LogMemory: Virtual Memory: 5137.52 MB used,  134212592.00 MB free, 134217728.00 MB total
[2020.04.10-14.17.55:105][  0]LogWindows: WindowsPlatformFeatures enabled
[2020.04.10-14.17.55:121][  0]LogInit: Overriding language with editor language configuration option (en).
[2020.04.10-14.17.55:121][  0]LogInit: Overriding locale with editor culture configuration option ().
[2020.04.10-14.17.55:121][  0]LogInit: Using OS detected locale (es-ES).
[2020.04.10-14.17.55:327][  0]LogInit: Setting process to per monitor DPI aware
[2020.04.10-14.17.55:383][  0]LogSlate: New Slate User Created.  User Index 0, Is Virtual User: 0
[2020.04.10-14.17.55:383][  0]LogSlate: Slate User Registered.  User Index 0, Is Virtual User: 0
[2020.04.10-14.17.55:717][  0]LogHMD: Failed to initialize OpenVR with code 110
[2020.04.10-14.17.55:718][  0]LogD3D11RHI: D3D11 min allowed feature level: 11_0
[2020.04.10-14.17.55:718][  0]LogD3D11RHI: D3D11 max allowed feature level: 11_0
[2020.04.10-14.17.55:718][  0]LogD3D11RHI: D3D11 adapters:
[2020.04.10-14.17.55:809][  0]LogD3D11RHI:    0. 'NVIDIA GeForce GTX 1060' (Feature Level 11_0)
[2020.04.10-14.17.55:809][  0]LogD3D11RHI:       6052/0/4017 MB DedicatedVideo/DedicatedSystem/SharedSystem, Outputs:1, VendorId:0x10de
[2020.04.10-14.17.55:836][  0]LogD3D11RHI:    1. 'Intel(R) UHD Graphics 630' (Feature Level 11_0)
[2020.04.10-14.17.55:836][  0]LogD3D11RHI:       128/0/4017 MB DedicatedVideo/DedicatedSystem/SharedSystem, Outputs:0, VendorId:0x8086
[2020.04.10-14.17.55:839][  0]LogD3D11RHI:    2. 'Microsoft Basic Render Driver' (Feature Level 11_0)
[2020.04.10-14.17.55:839][  0]LogD3D11RHI:       0/0/4017 MB DedicatedVideo/DedicatedSystem/SharedSystem, Outputs:0, VendorId:0x1414
[2020.04.10-14.17.55:839][  0]LogD3D11RHI: Chosen D3D11 Adapter: 0
[2020.04.10-14.17.55:889][  0]LogD3D11RHI: Creating new Direct3DDevice
[2020.04.10-14.17.55:889][  0]LogD3D11RHI:     GPU DeviceId: 0x1c20 (for the marketing name, search the web for "GPU Device Id")
[2020.04.10-14.17.55:889][  0]LogWindows: EnumDisplayDevices:
[2020.04.10-14.17.55:890][  0]LogWindows:    0. 'Intel(R) UHD Graphics 630' (P:1 D:1)
[2020.04.10-14.17.55:890][  0]LogWindows:    1. 'Intel(R) UHD Graphics 630' (P:0 D:0)
[2020.04.10-14.17.55:890][  0]LogWindows:    2. 'Intel(R) UHD Graphics 630' (P:0 D:0)
[2020.04.10-14.17.55:891][  0]LogWindows:    3. 'NVIDIA GeForce GTX 1060' (P:0 D:0)
[2020.04.10-14.17.55:891][  0]LogWindows: DebugString: PrimaryIsNotTheChoosenAdapter PrimaryIsNotTheChoosenAdapter PrimaryIsNotTheChoosenAdapter 
[2020.04.10-14.17.55:891][  0]LogD3D11RHI:     Adapter Name: NVIDIA GeForce GTX 1060
[2020.04.10-14.17.55:891][  0]LogD3D11RHI:   Driver Version: 419.72 (internal:25.21.14.1972, unified:419.72)
[2020.04.10-14.17.55:891][  0]LogD3D11RHI:      Driver Date: 3-18-2019
[2020.04.10-14.17.55:891][  0]LogRHI: Texture pool is 4236 MB (70% of 6052 MB)
[2020.04.10-14.17.55:947][  0]LogD3D11RHI: RHI has support for 64 bit atomics
[2020.04.10-14.17.55:948][  0]LogD3D11RHI: Async texture creation enabled
[2020.04.10-14.17.55:963][  0]LogD3D11RHI: GPU Timing Frequency: 1000.000000 (Debug: 2 1)
[2020.04.10-14.17.56:397][  0]LogTargetPlatformManager: Display: Loaded TargetPlatform 'AllDesktop'
[2020.04.10-14.17.56:439][  0]LogTargetPlatformManager: Display: Loaded TargetPlatform 'Android'
[2020.04.10-14.17.56:439][  0]LogTargetPlatformManager: Display: Loaded TargetPlatform 'Android_ASTC'
[2020.04.10-14.17.56:439][  0]LogTargetPlatformManager: Display: Loaded TargetPlatform 'Android_ATC'
[2020.04.10-14.17.56:439][  0]LogTargetPlatformManager: Display: Loaded TargetPlatform 'Android_DXT'
[2020.04.10-14.17.56:439][  0]LogTargetPlatformManager: Display: Loaded TargetPlatform 'Android_ETC1'
[2020.04.10-14.17.56:439][  0]LogTargetPlatformManager: Display: Loaded TargetPlatform 'Android_ETC1a'
[2020.04.10-14.17.56:439][  0]LogTargetPlatformManager: Display: Loaded TargetPlatform 'Android_ETC2'
[2020.04.10-14.17.56:439][  0]LogTargetPlatformManager: Display: Loaded TargetPlatform 'Android_PVRTC'
[2020.04.10-14.17.56:439][  0]LogTargetPlatformManager: Display: Loaded TargetPlatform 'AndroidClient'
[2020.04.10-14.17.56:439][  0]LogTargetPlatformManager: Display: Loaded TargetPlatform 'Android_ASTCClient'
[2020.04.10-14.17.56:439][  0]LogTargetPlatformManager: Display: Loaded TargetPlatform 'Android_ATCClient'
[2020.04.10-14.17.56:439][  0]LogTargetPlatformManager: Display: Loaded TargetPlatform 'Android_DXTClient'
[2020.04.10-14.17.56:439][  0]LogTargetPlatformManager: Display: Loaded TargetPlatform 'Android_ETC1Client'
[2020.04.10-14.17.56:439][  0]LogTargetPlatformManager: Display: Loaded TargetPlatform 'Android_ETC1aClient'
[2020.04.10-14.17.56:439][  0]LogTargetPlatformManager: Display: Loaded TargetPlatform 'Android_ETC2Client'
[2020.04.10-14.17.56:439][  0]LogTargetPlatformManager: Display: Loaded TargetPlatform 'Android_PVRTCClient'
[2020.04.10-14.17.56:439][  0]LogTargetPlatformManager: Display: Loaded TargetPlatform 'Android_Multi'
[2020.04.10-14.17.56:439][  0]LogTargetPlatformManager: Display: Loaded TargetPlatform 'Android_MultiClient'
[2020.04.10-14.17.56:463][  0]LogTargetPlatformManager: Display: Loaded TargetPlatform 'IOSClient'
[2020.04.10-14.17.56:463][  0]LogTargetPlatformManager: Display: Loaded TargetPlatform 'IOS'
[2020.04.10-14.17.56:472][  0]LogTargetPlatformManager: Display: Loaded TargetPlatform 'LinuxNoEditor'
[2020.04.10-14.17.56:481][  0]LogTargetPlatformManager: Display: Loaded TargetPlatform 'LinuxClient'
[2020.04.10-14.17.56:490][  0]LogTargetPlatformManager: Display: Loaded TargetPlatform 'LinuxServer'
[2020.04.10-14.17.56:499][  0]LogTargetPlatformManager: Display: Loaded TargetPlatform 'LinuxAArch64NoEditor'
[2020.04.10-14.17.56:508][  0]LogTargetPlatformManager: Display: Loaded TargetPlatform 'LinuxAArch64Client'
[2020.04.10-14.17.56:517][  0]LogTargetPlatformManager: Display: Loaded TargetPlatform 'LinuxAArch64Server'
[2020.04.10-14.17.56:547][  0]LogTargetPlatformManager: Display: Loaded TargetPlatform 'Lumin'
[2020.04.10-14.17.56:547][  0]LogTargetPlatformManager: Display: Loaded TargetPlatform 'LuminClient'
[2020.04.10-14.17.56:564][  0]LogTargetPlatformManager: Display: Loaded TargetPlatform 'TVOSClient'
[2020.04.10-14.17.56:564][  0]LogTargetPlatformManager: Display: Loaded TargetPlatform 'TVOS'
[2020.04.10-14.17.56:574][  0]LogTargetPlatformManager: Display: Loaded TargetPlatform 'WindowsNoEditor'
[2020.04.10-14.17.56:584][  0]LogTargetPlatformManager: Display: Loaded TargetPlatform 'Windows'
[2020.04.10-14.17.56:593][  0]LogTargetPlatformManager: Display: Loaded TargetPlatform 'WindowsClient'
[2020.04.10-14.17.56:602][  0]LogTargetPlatformManager: Display: Loaded TargetPlatform 'WindowsServer'
[2020.04.10-14.17.56:602][  0]LogTargetPlatformManager: Display: Building Assets For Windows
[2020.04.10-14.17.56:605][  0]LogAudioDebug: Display: Lib vorbis DLL was dynamically loaded.
[2020.04.10-14.17.56:628][  0]LogShaderCompilers: Guid format shader working directory is -1 characters bigger than the processId version (../../../../../Uni/3r/Motors2/Sotamort/Sotamort/Intermediate/Shaders/WorkingDirectory/19340/).
[2020.04.10-14.17.56:628][  0]LogShaderCompilers: Cleaned the shader compiler working directory 'C:/Users/Usuari/AppData/Local/Temp/UnrealShaderWorkingDir/F46D5CBA4C051BB2EE678FBCC0B8FD06/'.
[2020.04.10-14.17.56:628][  0]LogXGEController: Cannot use XGE Controller as Incredibuild is not installed on this machine.
[2020.04.10-14.17.56:629][  0]LogShaderCompilers: Cannot use XGE Shader Compiler as Incredibuild is not installed on this machine.
[2020.04.10-14.17.56:629][  0]LogShaderCompilers: Display: Using Local Shader Compiler.
[2020.04.10-14.17.57:787][  0]LogDerivedDataCache: Display: Max Cache Size: 512 MB
[2020.04.10-14.17.57:860][  0]LogDerivedDataCache: Loaded boot cache 0.07s 78MB C:/Users/Usuari/AppData/Local/UnrealEngine/4.24/DerivedDataCache/Boot.ddc.
[2020.04.10-14.17.57:860][  0]LogDerivedDataCache: Display: Loaded Boot cache: C:/Users/Usuari/AppData/Local/UnrealEngine/4.24/DerivedDataCache/Boot.ddc
[2020.04.10-14.17.57:860][  0]LogDerivedDataCache: FDerivedDataBackendGraph:  Pak pak cache file ../../../../../Uni/3r/Motors2/Sotamort/Sotamort/DerivedDataCache/DDC.ddp not found, will not use a pak cache.
[2020.04.10-14.17.57:860][  0]LogDerivedDataCache: Unable to find inner node Pak for hierarchical cache Hierarchy.
[2020.04.10-14.17.57:860][  0]LogDerivedDataCache: FDerivedDataBackendGraph:  CompressedPak pak cache file ../../../../../Uni/3r/Motors2/Sotamort/Sotamort/DerivedDataCache/Compressed.ddp not found, will not use a pak cache.
[2020.04.10-14.17.57:860][  0]LogDerivedDataCache: Unable to find inner node CompressedPak for hierarchical cache Hierarchy.
[2020.04.10-14.17.57:874][  0]LogDerivedDataCache: Display: Pak cache opened for reading ../../../Engine/DerivedDataCache/Compressed.ddp.
[2020.04.10-14.17.57:874][  0]LogDerivedDataCache: FDerivedDataBackendGraph:  EnterprisePak pak cache file ../../../Enterprise/DerivedDataCache/Compressed.ddp not found, will not use a pak cache.
[2020.04.10-14.17.57:874][  0]LogDerivedDataCache: Unable to find inner node EnterprisePak for hierarchical cache Hierarchy.
[2020.04.10-14.17.57:876][  0]LogDerivedDataCache: Using Local data cache path C:/Users/Usuari/AppData/Local/UnrealEngine/Common/DerivedDataCache: Writable
[2020.04.10-14.17.57:876][  0]LogDerivedDataCache: Shared data cache path not found in *engine.ini, will not use an Shared cache.
[2020.04.10-14.17.57:876][  0]LogDerivedDataCache: Unable to find inner node Shared for hierarchical cache Hierarchy.
[2020.04.10-14.17.57:912][  0]LogMaterial: Verifying Global Shaders for PCD3D_SM5
[2020.04.10-14.17.57:916][  0]LogSlate: Using FreeType 2.10.0
[2020.04.10-14.17.57:916][  0]LogSlate: SlateFontServices - WITH_FREETYPE: 1, WITH_HARFBUZZ: 1
[2020.04.10-14.17.58:089][  0]LogAssetRegistry: FAssetRegistry took 0.0036 seconds to start up
[2020.04.10-14.17.58:498][  0]LogInit: Selected Device Profile: [Windows]
[2020.04.10-14.17.58:728][  0]LogMeshReduction: Using QuadricMeshReduction for automatic static mesh reduction
[2020.04.10-14.17.58:728][  0]LogMeshReduction: Using SimplygonMeshReduction for automatic skeletal mesh reduction
[2020.04.10-14.17.58:728][  0]LogMeshReduction: Using ProxyLODMeshReduction for automatic mesh merging
[2020.04.10-14.17.58:728][  0]LogMeshReduction: No distributed automatic mesh merging module available
[2020.04.10-14.17.58:728][  0]LogMeshMerging: No distributed automatic mesh merging module available
[2020.04.10-14.17.58:744][  0]LogNetVersion: Sotamort 1.0.0, NetCL: 10570792, EngineNetVer: 13, GameNetVer: 0 (Checksum: 278387612)
[2020.04.10-14.18.00:598][  0]LogPackageLocalizationCache: Processed 10 localized package path(s) for 1 prioritized culture(s) in 0.051390 seconds
[2020.04.10-14.18.00:608][  0]LogUObjectArray: 46750 objects as part of root set at end of initial load.
[2020.04.10-14.18.00:608][  0]LogUObjectAllocator: 8137160 out of 0 bytes used by permanent object pool.
[2020.04.10-14.18.00:608][  0]LogUObjectArray: CloseDisregardForGC: 0/0 objects in disregard for GC pool
[2020.04.10-14.18.01:141][  0]LogTcpMessaging: Initializing TcpMessaging bridge
[2020.04.10-14.18.01:145][  0]LogUdpMessaging: Initializing bridge on interface 0.0.0.0:0 to multicast group 230.0.0.1:6666.
[2020.04.10-14.18.01:208][  0]SourceControl: Source control is disabled
[2020.04.10-14.18.01:208][  0]SourceControl: Source control is disabled
[2020.04.10-14.18.01:210][  0]SourceControl: Source control is disabled
[2020.04.10-14.18.01:211][  0]SourceControl: Source control is disabled
[2020.04.10-14.18.01:211][  0]SourceControl: Source control is disabled
[2020.04.10-14.18.01:303][  0]LogAndroidPermission: UAndroidPermissionCallbackProxy::GetInstance
[2020.04.10-14.18.01:315][  0]LogAudioCaptureCore: Display: No Audio Capture implementations found. Audio input will be silent.
[2020.04.10-14.18.01:315][  0]LogAudioCaptureCore: Display: No Audio Capture implementations found. Audio input will be silent.
[2020.04.10-14.18.01:430][  0]LogOcInput: OculusInput pre-init called
[2020.04.10-14.18.01:438][  0]LogWindows: Failed to load 'OVRPlugin.dll' (GetLastError=126)
[2020.04.10-14.18.01:438][  0]LogWindows: File 'OVRPlugin.dll' does not exist
[2020.04.10-14.18.01:530][  0]LogEngine: Initializing Engine...
[2020.04.10-14.18.01:531][  0]LogHMD: Failed to initialize OpenVR with code 110
[2020.04.10-14.18.01:532][  0]LogStats: UGameplayTagsManager::InitializeManager -  0.000 s
[2020.04.10-14.18.02:015][  0]LogInit: Initializing FReadOnlyCVARCache
[2020.04.10-14.18.02:025][  0]LogAIModule: Creating AISystem for world Untitled
[2020.04.10-14.18.02:053][  0]LogAudioMixer: Display: Audio Mixer Platform Settings:
[2020.04.10-14.18.02:053][  0]LogAudioMixer: Display: 	Sample Rate:						  48000
[2020.04.10-14.18.02:053][  0]LogAudioMixer: Display: 	Callback Buffer Frame Size Requested: 1024
[2020.04.10-14.18.02:053][  0]LogAudioMixer: Display: 	Callback Buffer Frame Size To Use:	  1024
[2020.04.10-14.18.02:053][  0]LogAudioMixer: Display: 	Number of buffers to queue:			  2
[2020.04.10-14.18.02:053][  0]LogAudioMixer: Display: 	Max Channels (voices):				  32
[2020.04.10-14.18.02:053][  0]LogAudioMixer: Display: 	Number of Async Source Workers:		  0
[2020.04.10-14.18.02:053][  0]LogAudio: Display: AudioDevice MaxSources: 32
[2020.04.10-14.18.02:054][  0]LogAudio: Display: Using built-in audio occlusion.
[2020.04.10-14.18.02:054][  0]LogAudioMixer: Display: Initializing audio mixer.
[2020.04.10-14.18.02:065][  0]LogAudioMixer: Display: Audio Device Output Speaker Info:
[2020.04.10-14.18.02:065][  0]LogAudioMixer: Display: Name: Altavoces (Realtek High Definition Audio)
[2020.04.10-14.18.02:065][  0]LogAudioMixer: Display: Is Default: Yes
[2020.04.10-14.18.02:065][  0]LogAudioMixer: Display: Sample Rate: 48000
[2020.04.10-14.18.02:065][  0]LogAudioMixer: Display: Channel Count Used: 2
[2020.04.10-14.18.02:066][  0]LogAudioMixer: Display: Device Channel Count: 2
[2020.04.10-14.18.02:066][  0]LogAudioMixer: Display: Channel Order:
[2020.04.10-14.18.02:066][  0]LogAudioMixer: Display: 0: FrontLeft
[2020.04.10-14.18.02:066][  0]LogAudioMixer: Display: 1: FrontRight
[2020.04.10-14.18.02:094][  0]LogAudioMixer: Display: Using Audio Device Altavoces (Realtek High Definition Audio)
[2020.04.10-14.18.02:099][  0]LogInit: FAudioDevice initialized.
[2020.04.10-14.18.02:099][  0]LogNetVersion: Set ProjectVersion to 1.0.0.0. Version Checksum will be recalculated on next use.
[2020.04.10-14.18.02:265][  0]LogDerivedDataCache: Saved boot cache 0.17s 78MB C:/Users/Usuari/AppData/Local/UnrealEngine/4.24/DerivedDataCache/Boot.ddc.
[2020.04.10-14.18.02:271][  0]LogInit: Texture streaming: Enabled
[2020.04.10-14.18.02:281][  0]LogEngineSessionManager: EngineSessionManager initialized
[2020.04.10-14.18.02:281][  0]LogEditorSessionSummary: Verbose: Initializing EditorSessionSummaryWriter for editor session tracking
[2020.04.10-14.18.02:284][  0]LogEditorSessionSummary: EditorSessionSummaryWriter initialized
[2020.04.10-14.18.02:345][  0]LogInit: Transaction tracking system initialized
[2020.04.10-14.18.02:356][  0]BlueprintLog: New page: Editor Load
[2020.04.10-14.18.02:386][  0]LocalizationService: Localization service is disabled
[2020.04.10-14.18.02:739][  0]LogFileCache: Scanning file cache for directory 'D:/Uni/3r/Motors2/Sotamort/Sotamort/Content/' took 0.00s
[2020.04.10-14.18.02:739][  0]LogCook: Display: Max memory allowance for cook 16384mb min free memory 0mb
[2020.04.10-14.18.02:739][  0]LogCook: Display: Mobile HDR setting 1
[2020.04.10-14.18.03:715][  0]SourceControl: Source control is disabled
[2020.04.10-14.18.03:715][  0]Cmd: MAP LOAD FILE="../../../../../Uni/3r/Motors2/Sotamort/Sotamort/Content/FirstPersonBP/Maps/FirstPersonExampleMap.umap" TEMPLATE=0 SHOWPROGRESS=1 FEATURELEVEL=3
[2020.04.10-14.18.03:715][  0]LightingResults: New page: Lighting Build
[2020.04.10-14.18.03:717][  0]LogWorld: UWorld::CleanupWorld for Untitled, bSessionEnded=true, bCleanupResources=true
[2020.04.10-14.18.03:717][  0]LogSlate: InvalidateAllWidgets triggered.  All widgets were invalidated
[2020.04.10-14.18.03:717][  0]MapCheck: New page: Map Check
[2020.04.10-14.18.03:717][  0]LightingResults: New page: Lighting Build
[2020.04.10-14.18.03:757][  0]LogUObjectHash: Compacting FUObjectHashTables data took   3.28ms
[2020.04.10-14.18.04:183][  0]LogAIModule: Creating AISystem for world FirstPersonExampleMap
[2020.04.10-14.18.04:196][  0]LogEditorServer: Finished looking for orphan Actors (0.000 secs)
[2020.04.10-14.18.04:237][  0]LogUObjectHash: Compacting FUObjectHashTables data took   3.32ms
[2020.04.10-14.18.04:237][  0]Cmd: MAP CHECKDEP NOCLEARLOG
[2020.04.10-14.18.04:238][  0]MapCheck: Map check complete: 0 Error(s), 0 Warning(s), took 0,206ms to complete.
[2020.04.10-14.18.04:238][  0]LogFileHelpers: Loading map 'FirstPersonExampleMap' took 0.523
[2020.04.10-14.18.04:414][  0]LogSlate: Updating window title bar state: overlay mode, drag disabled, window buttons hidden, title bar hidden
[2020.04.10-14.18.04:424][  0]LogSlate: Updating window title bar state: overlay mode, drag disabled, window buttons hidden, title bar hidden
[2020.04.10-14.18.04:433][  0]LogSlate: Updating window title bar state: overlay mode, drag disabled, window buttons hidden, title bar hidden
[2020.04.10-14.18.04:442][  0]LogSlate: Updating window title bar state: overlay mode, drag disabled, window buttons hidden, title bar hidden
[2020.04.10-14.18.04:447][  0]LogCollectionManager: Loaded 0 collections in 0.001065 seconds
[2020.04.10-14.18.04:463][  0]LogFileCache: Scanning file cache for directory 'D:/Uni/3r/Motors2/Sotamort/Sotamort/Saved/Collections/' took 0.00s
[2020.04.10-14.18.04:463][  0]LogFileCache: Scanning file cache for directory 'D:/Uni/3r/Motors2/Sotamort/Sotamort/Content/Developers/Usuari/Collections/' took 0.00s
[2020.04.10-14.18.04:463][  0]LogFileCache: Scanning file cache for directory 'D:/Uni/3r/Motors2/Sotamort/Sotamort/Content/Collections/' took 0.00s
[2020.04.10-14.18.04:463][  0]LogContentBrowser: Native class hierarchy populated in 0.0119 seconds. Added 3015 classes and 717 folders.
[2020.04.10-14.18.04:468][  0]LogContentBrowser: Native class hierarchy updated for 'WidgetCarousel' in 0.0003 seconds. Added 0 classes and 0 folders.
[2020.04.10-14.18.04:524][  0]LogContentBrowser: Native class hierarchy updated for 'AddContentDialog' in 0.0004 seconds. Added 0 classes and 0 folders.
[2020.04.10-14.18.04:528][  0]LogContentBrowser: Native class hierarchy updated for 'SceneOutliner' in 0.0003 seconds. Added 2 classes and 3 folders.
[2020.04.10-14.18.04:723][  0]LogSlate: Took 0.000636 seconds to synchronously load lazily loaded font '../../../Engine/Content/Slate/Fonts/Roboto-Regular.ttf' (155K)
[2020.04.10-14.18.04:726][  0]LogSlate: Took 0.000158 seconds to synchronously load lazily loaded font '../../../Engine/Content/Slate/Fonts/Roboto-Bold.ttf' (160K)
[2020.04.10-14.18.04:732][  0]LogSlate: Took 0.000192 seconds to synchronously load lazily loaded font '../../../Engine/Content/Editor/Slate/Fonts/FontAwesome.ttf' (139K)
[2020.04.10-14.18.04:833][  0]LogRenderer: Reallocating scene render targets to support 820x460 Format 10 NumSamples 1 (Frame:1).
[2020.04.10-14.18.05:004][  0]LogContentBrowser: Native class hierarchy updated for 'HierarchicalLODOutliner' in 0.0003 seconds. Added 0 classes and 0 folders.
[2020.04.10-14.18.05:004][  0]LogLoad: (Engine Initialization) Total time: 11.22 seconds
[2020.04.10-14.18.05:004][  0]LogLoad: (Engine Initialization) Total Blueprint compile time: 0.00 seconds
[2020.04.10-14.18.05:016][  0]Cmd: CAMERA ALIGN ACTIVEVIEWPORTONLY
[2020.04.10-14.18.05:016][  0]Can't find target actor or component.
[2020.04.10-14.18.05:079][  0]LogAssetRegistry: Asset discovery search completed in 6.9917 seconds
[2020.04.10-14.18.05:083][  0]LogCollectionManager: Fixed up redirectors for 0 collections in 0.000011 seconds (updated 0 objects)
[2020.04.10-14.18.05:085][  0]LogContentStreaming: Texture pool size now 1000 MB
[2020.04.10-14.18.05:103][  0]LogSlate: Took 0.000202 seconds to synchronously load lazily loaded font '../../../Engine/Content/Slate/Fonts/Roboto-Light.ttf' (167K)
[2020.04.10-14.19.19:176][ 51]LogSlate: Took 0.000210 seconds to synchronously load lazily loaded font '../../../Engine/Content/Slate/Fonts/Roboto-Light.ttf' (167K)
[2020.04.10-14.19.20:671][ 51]LogSlate: Window 'Pick Parent Class' being destroyed
[2020.04.10-14.19.26:945][751]LogAssetEditorSubsystem: Opening Asset editor for Blueprint /Game/Anima.Anima
[2020.04.10-14.19.27:355][751]LogContentBrowser: Native class hierarchy updated for 'BlueprintGraph' in 0.0007 seconds. Added 121 classes and 0 folders.
[2020.04.10-14.19.28:569][751]LogRenderer: Reallocating scene render targets to support 872x536 Format 10 NumSamples 1 (Frame:1).
[2020.04.10-14.19.29:250][781]LogSlate: Took 0.000424 seconds to synchronously load lazily loaded font '../../../Engine/Content/Slate/Fonts/Roboto-Italic.ttf' (157K)
[2020.04.10-14.19.37:719][263]BlueprintLog: New page: Compile Anima
[2020.04.10-14.19.38:012][263]LogUObjectHash: Compacting FUObjectHashTables data took   4.93ms
[2020.04.10-14.19.40:428][402]LogSlate: Took 0.000198 seconds to synchronously load lazily loaded font '../../../Engine/Content/Slate/Fonts/Roboto-BoldCondensed.ttf' (158K)
[2020.04.10-14.20.11:932][420]BlueprintLog: New page: Compile Anima
[2020.04.10-14.20.12:233][420]LogUObjectHash: Compacting FUObjectHashTables data took   4.36ms
[2020.04.10-14.20.38:805][182]LogTemp: Repeating last play command: Selected Viewport
[2020.04.10-14.20.38:826][182]LogBlueprintUserMessages: Early PlayInEditor Detection: Level '/Game/FirstPersonBP/Maps/FirstPersonExampleMap.FirstPersonExampleMap:PersistentLevel' has LevelScriptBlueprint '/Game/FirstPersonBP/Maps/FirstPersonExampleMap.FirstPersonExampleMap:PersistentLevel.FirstPersonExampleMap' with GeneratedClass '/Game/FirstPersonBP/Maps/FirstPersonExampleMap.FirstPersonExampleMap_C' with ClassGeneratedBy '/Game/FirstPersonBP/Maps/FirstPersonExampleMap.FirstPersonExampleMap:PersistentLevel.FirstPersonExampleMap'
[2020.04.10-14.20.38:826][182]LogPlayLevel: PlayLevel: No blueprints needed recompiling
[2020.04.10-14.20.38:827][182]PIE: New page: PIE session: FirstPersonExampleMap (10 abr. 2020 18:20:38)
[2020.04.10-14.20.38:828][182]LogOnline: OSS: Creating online subsystem instance for: NULL
[2020.04.10-14.20.38:829][182]LogOnline: OSS: TryLoadSubsystemAndSetDefault: Loaded subsystem for module [NULL]
[2020.04.10-14.20.38:829][182]LogPlayLevel: Creating play world package: /Game/FirstPersonBP/Maps/UEDPIE_0_FirstPersonExampleMap
[2020.04.10-14.20.38:846][182]LogPlayLevel: PIE: StaticDuplicateObject took: (0.016354s)
[2020.04.10-14.20.38:847][182]LogAIModule: Creating AISystem for world FirstPersonExampleMap
[2020.04.10-14.20.38:847][182]LogPlayLevel: PIE: World Init took: (0.001291s)
[2020.04.10-14.20.38:847][182]LogPlayLevel: PIE: Created PIE world by copying editor world from /Game/FirstPersonBP/Maps/FirstPersonExampleMap.FirstPersonExampleMap to /Game/FirstPersonBP/Maps/UEDPIE_0_FirstPersonExampleMap.FirstPersonExampleMap (0.017940s)
[2020.04.10-14.20.38:901][182]LogUObjectHash: Compacting FUObjectHashTables data took   3.98ms
[2020.04.10-14.20.38:903][182]LogAudioMixer: Display: Audio Mixer Platform Settings:
[2020.04.10-14.20.38:903][182]LogAudioMixer: Display: 	Sample Rate:						  48000
[2020.04.10-14.20.38:903][182]LogAudioMixer: Display: 	Callback Buffer Frame Size Requested: 1024
[2020.04.10-14.20.38:903][182]LogAudioMixer: Display: 	Callback Buffer Frame Size To Use:	  1024
[2020.04.10-14.20.38:903][182]LogAudioMixer: Display: 	Number of buffers to queue:			  2
[2020.04.10-14.20.38:903][182]LogAudioMixer: Display: 	Max Channels (voices):				  32
[2020.04.10-14.20.38:903][182]LogAudioMixer: Display: 	Number of Async Source Workers:		  0
[2020.04.10-14.20.38:903][182]LogAudio: Display: AudioDevice MaxSources: 32
[2020.04.10-14.20.38:904][182]LogAudio: Display: Using built-in audio occlusion.
[2020.04.10-14.20.38:904][182]LogAudioMixer: Display: Initializing audio mixer.
[2020.04.10-14.20.38:911][182]LogAudioMixer: Display: Audio Device Output Speaker Info:
[2020.04.10-14.20.38:911][182]LogAudioMixer: Display: Name: Altavoces (Realtek High Definition Audio)
[2020.04.10-14.20.38:911][182]LogAudioMixer: Display: Is Default: Yes
[2020.04.10-14.20.38:911][182]LogAudioMixer: Display: Sample Rate: 48000
[2020.04.10-14.20.38:911][182]LogAudioMixer: Display: Channel Count Used: 2
[2020.04.10-14.20.38:911][182]LogAudioMixer: Display: Device Channel Count: 2
[2020.04.10-14.20.38:911][182]LogAudioMixer: Display: Channel Order:
[2020.04.10-14.20.38:911][182]LogAudioMixer: Display: 0: FrontLeft
[2020.04.10-14.20.38:911][182]LogAudioMixer: Display: 1: FrontRight
[2020.04.10-14.20.38:931][182]LogAudioMixer: Display: Using Audio Device Altavoces (Realtek High Definition Audio)
[2020.04.10-14.20.38:933][182]LogInit: FAudioDevice initialized.
[2020.04.10-14.20.38:948][182]LogLoad: Game class is 'FirstPersonGameMode_C'
[2020.04.10-14.20.38:952][182]LogWorld: Bringing World /Game/FirstPersonBP/Maps/UEDPIE_0_FirstPersonExampleMap.FirstPersonExampleMap up for play (max tick rate 0) at 2020.04.10-16.20.38
[2020.04.10-14.20.38:952][182]LogWorld: Bringing up level for play took: 0.002578
[2020.04.10-14.20.38:953][182]LogOnline: OSS: Creating online subsystem instance for: :Context_5
[2020.04.10-14.20.38:961][182]LogContentBrowser: Native class hierarchy updated for 'MovieSceneCapture' in 0.0004 seconds. Added 20 classes and 0 folders.
[2020.04.10-14.20.38:962][182]PIE: Play in editor start time for /Game/FirstPersonBP/Maps/UEDPIE_0_FirstPersonExampleMap 0,726
[2020.04.10-14.20.38:962][182]LogBlueprintUserMessages: Late PlayInEditor Detection: Level '/Game/FirstPersonBP/Maps/FirstPersonExampleMap.FirstPersonExampleMap:PersistentLevel' has LevelScriptBlueprint '/Game/FirstPersonBP/Maps/FirstPersonExampleMap.FirstPersonExampleMap:PersistentLevel.FirstPersonExampleMap' with GeneratedClass '/Game/FirstPersonBP/Maps/FirstPersonExampleMap.FirstPersonExampleMap_C' with ClassGeneratedBy '/Game/FirstPersonBP/Maps/FirstPersonExampleMap.FirstPersonExampleMap:PersistentLevel.FirstPersonExampleMap'
[2020.04.10-14.20.40:541][259]LogAudioMixer: Display: No commands were queued while flushing the source manager.
[2020.04.10-14.20.40:554][259]LogAudioMixer: Display: Flush succeeded in the source manager command queue (1).
[2020.04.10-14.20.40:575][259]LogAudioMixer: Display: Flush succeeded the source manager command queue (2).
[2020.04.10-14.20.40:575][259]LogBlueprintUserMessages: Early EndPlayMap Detection: Level '/Game/FirstPersonBP/Maps/FirstPersonExampleMap.FirstPersonExampleMap:PersistentLevel' has LevelScriptBlueprint '/Game/FirstPersonBP/Maps/FirstPersonExampleMap.FirstPersonExampleMap:PersistentLevel.FirstPersonExampleMap' with GeneratedClass '/Game/FirstPersonBP/Maps/FirstPersonExampleMap.FirstPersonExampleMap_C' with ClassGeneratedBy '/Game/FirstPersonBP/Maps/FirstPersonExampleMap.FirstPersonExampleMap:PersistentLevel.FirstPersonExampleMap'
[2020.04.10-14.20.40:575][259]LogSlate: Updating window title bar state: overlay mode, drag disabled, window buttons hidden, title bar hidden
[2020.04.10-14.20.40:576][259]LogWorld: BeginTearingDown for /Game/FirstPersonBP/Maps/UEDPIE_0_FirstPersonExampleMap
[2020.04.10-14.20.40:576][259]LogAudioMixer: Display: No commands were queued while flushing the source manager.
[2020.04.10-14.20.40:576][259]LogWorld: UWorld::CleanupWorld for FirstPersonExampleMap, bSessionEnded=true, bCleanupResources=true
[2020.04.10-14.20.40:577][259]LogSlate: InvalidateAllWidgets triggered.  All widgets were invalidated
[2020.04.10-14.20.40:592][259]LogPlayLevel: Display: Shutting down PIE online subsystems
[2020.04.10-14.20.40:592][259]LogBlueprintUserMessages: Late EndPlayMap Detection: Level '/Game/FirstPersonBP/Maps/FirstPersonExampleMap.FirstPersonExampleMap:PersistentLevel' has LevelScriptBlueprint '/Game/FirstPersonBP/Maps/FirstPersonExampleMap.FirstPersonExampleMap:PersistentLevel.FirstPersonExampleMap' with GeneratedClass '/Game/FirstPersonBP/Maps/FirstPersonExampleMap.FirstPersonExampleMap_C' with ClassGeneratedBy '/Game/FirstPersonBP/Maps/FirstPersonExampleMap.FirstPersonExampleMap:PersistentLevel.FirstPersonExampleMap'
[2020.04.10-14.20.40:600][259]LogSlate: InvalidateAllWidgets triggered.  All widgets were invalidated
[2020.04.10-14.20.40:664][259]LogAudioMixer: Display: No commands were queued while flushing the source manager.
[2020.04.10-14.20.40:668][259]LogSlate: Updating window title bar state: overlay mode, drag disabled, window buttons hidden, title bar hidden
[2020.04.10-14.20.40:696][259]LogUObjectHash: Compacting FUObjectHashTables data took   5.24ms
[2020.04.10-14.20.40:722][260]LogPlayLevel: Display: Destroying online subsystem :Context_5
[2020.04.10-14.20.51:793][ 86]BlueprintLog: New page: Compile Anima
[2020.04.10-14.20.52:160][ 86]LogUObjectHash: Compacting FUObjectHashTables data took   5.35ms
[2020.04.10-14.20.55:005][306]LogTemp: Repeating last play command: Selected Viewport
[2020.04.10-14.20.55:023][306]LogBlueprintUserMessages: Early PlayInEditor Detection: Level '/Game/FirstPersonBP/Maps/FirstPersonExampleMap.FirstPersonExampleMap:PersistentLevel' has LevelScriptBlueprint '/Game/FirstPersonBP/Maps/FirstPersonExampleMap.FirstPersonExampleMap:PersistentLevel.FirstPersonExampleMap' with GeneratedClass '/Game/FirstPersonBP/Maps/FirstPersonExampleMap.FirstPersonExampleMap_C' with ClassGeneratedBy '/Game/FirstPersonBP/Maps/FirstPersonExampleMap.FirstPersonExampleMap:PersistentLevel.FirstPersonExampleMap'
[2020.04.10-14.20.55:023][306]LogPlayLevel: PlayLevel: No blueprints needed recompiling
[2020.04.10-14.20.55:023][306]PIE: New page: PIE session: FirstPersonExampleMap (10 abr. 2020 18:20:55)
[2020.04.10-14.20.55:023][306]LogPlayLevel: Creating play world package: /Game/FirstPersonBP/Maps/UEDPIE_0_FirstPersonExampleMap
[2020.04.10-14.20.55:044][306]LogPlayLevel: PIE: StaticDuplicateObject took: (0.020881s)
[2020.04.10-14.20.55:045][306]LogAIModule: Creating AISystem for world FirstPersonExampleMap
[2020.04.10-14.20.55:046][306]LogPlayLevel: PIE: World Init took: (0.001624s)
[2020.04.10-14.20.55:046][306]LogPlayLevel: PIE: Created PIE world by copying editor world from /Game/FirstPersonBP/Maps/FirstPersonExampleMap.FirstPersonExampleMap to /Game/FirstPersonBP/Maps/UEDPIE_0_FirstPersonExampleMap.FirstPersonExampleMap (0.022827s)
[2020.04.10-14.20.55:099][306]LogUObjectHash: Compacting FUObjectHashTables data took   5.35ms
[2020.04.10-14.20.55:102][306]LogAudioMixer: Display: Audio Mixer Platform Settings:
[2020.04.10-14.20.55:102][306]LogAudioMixer: Display: 	Sample Rate:						  48000
[2020.04.10-14.20.55:102][306]LogAudioMixer: Display: 	Callback Buffer Frame Size Requested: 1024
[2020.04.10-14.20.55:102][306]LogAudioMixer: Display: 	Callback Buffer Frame Size To Use:	  1024
[2020.04.10-14.20.55:102][306]LogAudioMixer: Display: 	Number of buffers to queue:			  2
[2020.04.10-14.20.55:102][306]LogAudioMixer: Display: 	Max Channels (voices):				  32
[2020.04.10-14.20.55:102][306]LogAudioMixer: Display: 	Number of Async Source Workers:		  0
[2020.04.10-14.20.55:102][306]LogAudio: Display: AudioDevice MaxSources: 32
[2020.04.10-14.20.55:103][306]LogAudio: Display: Using built-in audio occlusion.
[2020.04.10-14.20.55:103][306]LogAudioMixer: Display: Initializing audio mixer.
[2020.04.10-14.20.55:108][306]LogAudioMixer: Display: Audio Device Output Speaker Info:
[2020.04.10-14.20.55:109][306]LogAudioMixer: Display: Name: Altavoces (Realtek High Definition Audio)
[2020.04.10-14.20.55:109][306]LogAudioMixer: Display: Is Default: Yes
[2020.04.10-14.20.55:109][306]LogAudioMixer: Display: Sample Rate: 48000
[2020.04.10-14.20.55:109][306]LogAudioMixer: Display: Channel Count Used: 2
[2020.04.10-14.20.55:109][306]LogAudioMixer: Display: Device Channel Count: 2
[2020.04.10-14.20.55:109][306]LogAudioMixer: Display: Channel Order:
[2020.04.10-14.20.55:109][306]LogAudioMixer: Display: 0: FrontLeft
[2020.04.10-14.20.55:109][306]LogAudioMixer: Display: 1: FrontRight
[2020.04.10-14.20.55:129][306]LogAudioMixer: Display: Using Audio Device Altavoces (Realtek High Definition Audio)
[2020.04.10-14.20.55:131][306]LogInit: FAudioDevice initialized.
[2020.04.10-14.20.55:137][306]LogLoad: Game class is 'FirstPersonGameMode_C'
[2020.04.10-14.20.55:140][306]LogWorld: Bringing World /Game/FirstPersonBP/Maps/UEDPIE_0_FirstPersonExampleMap.FirstPersonExampleMap up for play (max tick rate 0) at 2020.04.10-16.20.55
[2020.04.10-14.20.55:141][306]LogWorld: Bringing up level for play took: 0.002589
[2020.04.10-14.20.55:141][306]LogOnline: OSS: Creating online subsystem instance for: :Context_6
[2020.04.10-14.20.55:144][306]PIE: Play in editor start time for /Game/FirstPersonBP/Maps/UEDPIE_0_FirstPersonExampleMap 0,907
[2020.04.10-14.20.55:144][306]LogBlueprintUserMessages: Late PlayInEditor Detection: Level '/Game/FirstPersonBP/Maps/FirstPersonExampleMap.FirstPersonExampleMap:PersistentLevel' has LevelScriptBlueprint '/Game/FirstPersonBP/Maps/FirstPersonExampleMap.FirstPersonExampleMap:PersistentLevel.FirstPersonExampleMap' with GeneratedClass '/Game/FirstPersonBP/Maps/FirstPersonExampleMap.FirstPersonExampleMap_C' with ClassGeneratedBy '/Game/FirstPersonBP/Maps/FirstPersonExampleMap.FirstPersonExampleMap:PersistentLevel.FirstPersonExampleMap'
[2020.04.10-14.21.46:455][121]LogAudioMixer: Display: No commands were queued while flushing the source manager.
[2020.04.10-14.21.46:455][121]LogAudioMixer: Display: No commands were queued while flushing the source manager.
[2020.04.10-14.21.46:455][121]LogBlueprintUserMessages: Early EndPlayMap Detection: Level '/Game/FirstPersonBP/Maps/FirstPersonExampleMap.FirstPersonExampleMap:PersistentLevel' has LevelScriptBlueprint '/Game/FirstPersonBP/Maps/FirstPersonExampleMap.FirstPersonExampleMap:PersistentLevel.FirstPersonExampleMap' with GeneratedClass '/Game/FirstPersonBP/Maps/FirstPersonExampleMap.FirstPersonExampleMap_C' with ClassGeneratedBy '/Game/FirstPersonBP/Maps/FirstPersonExampleMap.FirstPersonExampleMap:PersistentLevel.FirstPersonExampleMap'
[2020.04.10-14.21.46:456][121]LogSlate: Updating window title bar state: overlay mode, drag disabled, window buttons hidden, title bar hidden
[2020.04.10-14.21.46:456][121]LogWorld: BeginTearingDown for /Game/FirstPersonBP/Maps/UEDPIE_0_FirstPersonExampleMap
[2020.04.10-14.21.46:456][121]LogAudioMixer: Display: No commands were queued while flushing the source manager.
[2020.04.10-14.21.46:456][121]LogWorld: UWorld::CleanupWorld for FirstPersonExampleMap, bSessionEnded=true, bCleanupResources=true
[2020.04.10-14.21.46:457][121]LogSlate: InvalidateAllWidgets triggered.  All widgets were invalidated
[2020.04.10-14.21.46:471][121]LogPlayLevel: Display: Shutting down PIE online subsystems
[2020.04.10-14.21.46:471][121]LogBlueprintUserMessages: Late EndPlayMap Detection: Level '/Game/FirstPersonBP/Maps/FirstPersonExampleMap.FirstPersonExampleMap:PersistentLevel' has LevelScriptBlueprint '/Game/FirstPersonBP/Maps/FirstPersonExampleMap.FirstPersonExampleMap:PersistentLevel.FirstPersonExampleMap' with GeneratedClass '/Game/FirstPersonBP/Maps/FirstPersonExampleMap.FirstPersonExampleMap_C' with ClassGeneratedBy '/Game/FirstPersonBP/Maps/FirstPersonExampleMap.FirstPersonExampleMap:PersistentLevel.FirstPersonExampleMap'
[2020.04.10-14.21.46:478][121]LogSlate: InvalidateAllWidgets triggered.  All widgets were invalidated
[2020.04.10-14.21.46:521][121]LogAudioMixer: Display: No commands were queued while flushing the source manager.
[2020.04.10-14.21.46:525][121]LogSlate: Updating window title bar state: overlay mode, drag disabled, window buttons hidden, title bar hidden
[2020.04.10-14.21.46:532][121]LogUObjectHash: Compacting FUObjectHashTables data took   4.19ms
[2020.04.10-14.21.46:561][122]LogPlayLevel: Display: Destroying online subsystem :Context_6
[2020.04.10-14.21.58:217][339]LogUObjectHash: Compacting FUObjectHashTables data took   1.21ms
[2020.04.10-14.21.58:458][339]LogUObjectHash: Compacting FUObjectHashTables data took   1.33ms
[2020.04.10-14.21.58:983][339]LogSavePackage: Moving '../../../../../Uni/3r/Motors2/Sotamort/Sotamort/Saved/FirstPersonExampleMapAE35868045BADDFEEE4E159FB9E5D8D6.tmp' to '../../../../../Uni/3r/Motors2/Sotamort/Sotamort/Content/FirstPersonBP/Maps/FirstPersonExampleMap.umap'
[2020.04.10-14.21.59:040][339]LogFileHelpers: Saving map 'FirstPersonExampleMap' took 0.628
[2020.04.10-14.21.59:075][339]Cmd: OBJ SAVEPACKAGE PACKAGE="/Game/Anima" FILE="../../../../../Uni/3r/Motors2/Sotamort/Sotamort/Content/Anima.uasset" SILENT=true
[2020.04.10-14.21.59:101][339]LogSavePackage: Moving '../../../../../Uni/3r/Motors2/Sotamort/Sotamort/Saved/AnimaFE885ED24B142CAC3D4D748D52FFCA7E.tmp' to '../../../../../Uni/3r/Motors2/Sotamort/Sotamort/Content/Anima.uasset'
[2020.04.10-14.21.59:165][339]AssetCheck: New page: Asset Save: multiple assets
[2020.04.10-14.21.59:165][339]LogContentValidation: Display: Validating World /Game/FirstPersonBP/Maps/FirstPersonExampleMap.FirstPersonExampleMap
[2020.04.10-14.21.59:165][339]LogContentValidation: Display: Validating Blueprint /Game/Anima.Anima
[2020.04.10-14.23.12:010][299]BlueprintLog: New page: Compile Anima
[2020.04.10-14.23.12:394][299]LogUObjectHash: Compacting FUObjectHashTables data took   5.74ms
[2020.04.10-14.23.13:864][408]LogTemp: Repeating last play command: Selected Viewport
[2020.04.10-14.23.13:881][408]LogBlueprintUserMessages: Early PlayInEditor Detection: Level '/Game/FirstPersonBP/Maps/FirstPersonExampleMap.FirstPersonExampleMap:PersistentLevel' has LevelScriptBlueprint '/Game/FirstPersonBP/Maps/FirstPersonExampleMap.FirstPersonExampleMap:PersistentLevel.FirstPersonExampleMap' with GeneratedClass '/Game/FirstPersonBP/Maps/FirstPersonExampleMap.FirstPersonExampleMap_C' with ClassGeneratedBy '/Game/FirstPersonBP/Maps/FirstPersonExampleMap.FirstPersonExampleMap:PersistentLevel.FirstPersonExampleMap'
[2020.04.10-14.23.13:881][408]LogPlayLevel: PlayLevel: No blueprints needed recompiling
[2020.04.10-14.23.13:881][408]PIE: New page: PIE session: FirstPersonExampleMap (10 abr. 2020 18:23:13)
[2020.04.10-14.23.13:881][408]LogPlayLevel: Creating play world package: /Game/FirstPersonBP/Maps/UEDPIE_0_FirstPersonExampleMap
[2020.04.10-14.23.13:899][408]LogPlayLevel: PIE: StaticDuplicateObject took: (0.017825s)
[2020.04.10-14.23.13:900][408]LogAIModule: Creating AISystem for world FirstPersonExampleMap
[2020.04.10-14.23.13:901][408]LogPlayLevel: PIE: World Init took: (0.001440s)
[2020.04.10-14.23.13:901][408]LogPlayLevel: PIE: Created PIE world by copying editor world from /Game/FirstPersonBP/Maps/FirstPersonExampleMap.FirstPersonExampleMap to /Game/FirstPersonBP/Maps/UEDPIE_0_FirstPersonExampleMap.FirstPersonExampleMap (0.019462s)
[2020.04.10-14.23.13:956][408]LogUObjectHash: Compacting FUObjectHashTables data took   5.65ms
[2020.04.10-14.23.13:957][408]LogAudioMixer: Display: Audio Mixer Platform Settings:
[2020.04.10-14.23.13:957][408]LogAudioMixer: Display: 	Sample Rate:						  48000
[2020.04.10-14.23.13:957][408]LogAudioMixer: Display: 	Callback Buffer Frame Size Requested: 1024
[2020.04.10-14.23.13:957][408]LogAudioMixer: Display: 	Callback Buffer Frame Size To Use:	  1024
[2020.04.10-14.23.13:957][408]LogAudioMixer: Display: 	Number of buffers to queue:			  2
[2020.04.10-14.23.13:958][408]LogAudioMixer: Display: 	Max Channels (voices):				  32
[2020.04.10-14.23.13:958][408]LogAudioMixer: Display: 	Number of Async Source Workers:		  0
[2020.04.10-14.23.13:958][408]LogAudio: Display: AudioDevice MaxSources: 32
[2020.04.10-14.23.13:958][408]LogAudio: Display: Using built-in audio occlusion.
[2020.04.10-14.23.13:958][408]LogAudioMixer: Display: Initializing audio mixer.
[2020.04.10-14.23.13:964][408]LogAudioMixer: Display: Audio Device Output Speaker Info:
[2020.04.10-14.23.13:964][408]LogAudioMixer: Display: Name: Altavoces (Realtek High Definition Audio)
[2020.04.10-14.23.13:964][408]LogAudioMixer: Display: Is Default: Yes
[2020.04.10-14.23.13:964][408]LogAudioMixer: Display: Sample Rate: 48000
[2020.04.10-14.23.13:964][408]LogAudioMixer: Display: Channel Count Used: 2
[2020.04.10-14.23.13:964][408]LogAudioMixer: Display: Device Channel Count: 2
[2020.04.10-14.23.13:964][408]LogAudioMixer: Display: Channel Order:
[2020.04.10-14.23.13:964][408]LogAudioMixer: Display: 0: FrontLeft
[2020.04.10-14.23.13:964][408]LogAudioMixer: Display: 1: FrontRight
[2020.04.10-14.23.13:986][408]LogAudioMixer: Display: Using Audio Device Altavoces (Realtek High Definition Audio)
[2020.04.10-14.23.13:987][408]LogInit: FAudioDevice initialized.
[2020.04.10-14.23.13:997][408]LogLoad: Game class is 'FirstPersonGameMode_C'
[2020.04.10-14.23.14:000][408]LogWorld: Bringing World /Game/FirstPersonBP/Maps/UEDPIE_0_FirstPersonExampleMap.FirstPersonExampleMap up for play (max tick rate 0) at 2020.04.10-16.23.14
[2020.04.10-14.23.14:001][408]LogWorld: Bringing up level for play took: 0.002768
[2020.04.10-14.23.14:001][408]LogOnline: OSS: Creating online subsystem instance for: :Context_7
[2020.04.10-14.23.14:004][408]PIE: Play in editor start time for /Game/FirstPersonBP/Maps/UEDPIE_0_FirstPersonExampleMap -0,233
[2020.04.10-14.23.14:004][408]LogBlueprintUserMessages: Late PlayInEditor Detection: Level '/Game/FirstPersonBP/Maps/FirstPersonExampleMap.FirstPersonExampleMap:PersistentLevel' has LevelScriptBlueprint '/Game/FirstPersonBP/Maps/FirstPersonExampleMap.FirstPersonExampleMap:PersistentLevel.FirstPersonExampleMap' with GeneratedClass '/Game/FirstPersonBP/Maps/FirstPersonExampleMap.FirstPersonExampleMap_C' with ClassGeneratedBy '/Game/FirstPersonBP/Maps/FirstPersonExampleMap.FirstPersonExampleMap:PersistentLevel.FirstPersonExampleMap'
[2020.04.10-14.23.22:926][418]LogBlueprintUserMessages: [Anima_2] Fail
[2020.04.10-14.23.29:334][145]LogAudioMixer: Display: No commands were queued while flushing the source manager.
[2020.04.10-14.23.29:335][145]LogAudioMixer: Display: No commands were queued while flushing the source manager.
[2020.04.10-14.23.29:335][145]LogBlueprintUserMessages: Early EndPlayMap Detection: Level '/Game/FirstPersonBP/Maps/FirstPersonExampleMap.FirstPersonExampleMap:PersistentLevel' has LevelScriptBlueprint '/Game/FirstPersonBP/Maps/FirstPersonExampleMap.FirstPersonExampleMap:PersistentLevel.FirstPersonExampleMap' with GeneratedClass '/Game/FirstPersonBP/Maps/FirstPersonExampleMap.FirstPersonExampleMap_C' with ClassGeneratedBy '/Game/FirstPersonBP/Maps/FirstPersonExampleMap.FirstPersonExampleMap:PersistentLevel.FirstPersonExampleMap'
[2020.04.10-14.23.29:335][145]LogSlate: Updating window title bar state: overlay mode, drag disabled, window buttons hidden, title bar hidden
[2020.04.10-14.23.29:335][145]LogWorld: BeginTearingDown for /Game/FirstPersonBP/Maps/UEDPIE_0_FirstPersonExampleMap
[2020.04.10-14.23.29:335][145]LogAudioMixer: Display: No commands were queued while flushing the source manager.
[2020.04.10-14.23.29:335][145]LogWorld: UWorld::CleanupWorld for FirstPersonExampleMap, bSessionEnded=true, bCleanupResources=true
[2020.04.10-14.23.29:336][145]LogSlate: InvalidateAllWidgets triggered.  All widgets were invalidated
[2020.04.10-14.23.29:351][145]LogPlayLevel: Display: Shutting down PIE online subsystems
[2020.04.10-14.23.29:351][145]LogBlueprintUserMessages: Late EndPlayMap Detection: Level '/Game/FirstPersonBP/Maps/FirstPersonExampleMap.FirstPersonExampleMap:PersistentLevel' has LevelScriptBlueprint '/Game/FirstPersonBP/Maps/FirstPersonExampleMap.FirstPersonExampleMap:PersistentLevel.FirstPersonExampleMap' with GeneratedClass '/Game/FirstPersonBP/Maps/FirstPersonExampleMap.FirstPersonExampleMap_C' with ClassGeneratedBy '/Game/FirstPersonBP/Maps/FirstPersonExampleMap.FirstPersonExampleMap:PersistentLevel.FirstPersonExampleMap'
[2020.04.10-14.23.29:357][145]LogSlate: InvalidateAllWidgets triggered.  All widgets were invalidated
[2020.04.10-14.23.29:406][145]LogAudioMixer: Display: No commands were queued while flushing the source manager.
[2020.04.10-14.23.29:411][145]LogSlate: Updating window title bar state: overlay mode, drag disabled, window buttons hidden, title bar hidden
[2020.04.10-14.23.29:417][145]LogUObjectHash: Compacting FUObjectHashTables data took   4.80ms
[2020.04.10-14.23.29:441][146]LogPlayLevel: Display: Destroying online subsystem :Context_7
[2020.04.10-14.32.14:651][196]LogUObjectHash: Compacting FUObjectHashTables data took   1.63ms
[2020.04.10-14.32.17:111][196]LogSavePackage: Moving '../../../../../Uni/3r/Motors2/Sotamort/Sotamort/Saved/FirstPersonExampleMap_Auto1FD4633DC4E0A3CD65F3266B45A8596D4.tmp' to '../../../../../Uni/3r/Motors2/Sotamort/Sotamort/Saved/Autosaves/Game/FirstPersonBP/Maps/FirstPersonExampleMap_Auto1.umap'
[2020.04.10-14.32.17:159][196]LogFileHelpers: Editor autosave (incl. sublevels) for '/Game/FirstPersonBP/Maps/FirstPersonExampleMap' took 2.808
[2020.04.10-14.32.17:159][196]LogFileHelpers: Editor autosave (incl. sublevels) for all levels took 2.808
[2020.04.10-14.32.17:160][196]OBJ SavePackage: Generating thumbnails for [1] asset(s) in package [/Game/Anima] ([1] browsable assets)...
[2020.04.10-14.32.17:193][196]OBJ SavePackage:     Rendered thumbnail for [Blueprint /Game/Anima.Anima]
[2020.04.10-14.32.17:193][196]OBJ SavePackage: Finished generating thumbnails for package [/Game/Anima]
[2020.04.10-14.32.17:193][196]Cmd: OBJ SAVEPACKAGE PACKAGE="/Game/Anima" FILE="../../../../../Uni/3r/Motors2/Sotamort/Sotamort/Saved/Autosaves/Game/Anima_Auto1.uasset" SILENT=false AUTOSAVING=true
[2020.04.10-14.32.17:381][196]LogSavePackage: Moving '../../../../../Uni/3r/Motors2/Sotamort/Sotamort/Saved/Anima_Auto1289FA2C349665695C37951AED83B32E3.tmp' to '../../../../../Uni/3r/Motors2/Sotamort/Sotamort/Saved/Autosaves/Game/Anima_Auto1.uasset'
[2020.04.10-14.32.17:381][196]LogFileHelpers: Auto-saving content packages took 0.221
[2020.04.10-14.39.23:139][563]LogSlate: Window 'Anima' being destroyed
[2020.04.10-14.39.23:148][563]LogSlate: Window 'Anima' being destroyed
[2020.04.10-14.39.23:374][563]LogWorld: UWorld::CleanupWorld for World_0, bSessionEnded=true, bCleanupResources=true
[2020.04.10-14.39.23:378][563]LogSlate: InvalidateAllWidgets triggered.  All widgets were invalidated
[2020.04.10-14.39.26:495][672]LogUObjectHash: Compacting FUObjectHashTables data took   7.70ms
[2020.04.10-14.39.26:849][672]LogUObjectHash: Compacting FUObjectHashTables data took   3.68ms
[2020.04.10-14.39.27:281][672]LogSavePackage: Moving '../../../../../Uni/3r/Motors2/Sotamort/Sotamort/Saved/FirstPersonExampleMap04CBAEDE49B51CE1B266AA85447FCBDF.tmp' to '../../../../../Uni/3r/Motors2/Sotamort/Sotamort/Content/FirstPersonBP/Maps/FirstPersonExampleMap.umap'
[2020.04.10-14.39.27:326][672]LogFileHelpers: Saving map 'FirstPersonExampleMap' took 0.636
[2020.04.10-14.39.27:326][672]Cmd: OBJ SAVEPACKAGE PACKAGE="/Game/Anima" FILE="../../../../../Uni/3r/Motors2/Sotamort/Sotamort/Content/Anima.uasset" SILENT=true
[2020.04.10-14.39.27:355][672]LogSavePackage: Moving '../../../../../Uni/3r/Motors2/Sotamort/Sotamort/Saved/Anima8E25F2A24D2F9367CFEF3D9D9F1343DE.tmp' to '../../../../../Uni/3r/Motors2/Sotamort/Sotamort/Content/Anima.uasset'
[2020.04.10-14.39.27:615][672]AssetCheck: New page: Asset Save: multiple assets
[2020.04.10-14.39.27:615][672]LogContentValidation: Display: Validating World /Game/FirstPersonBP/Maps/FirstPersonExampleMap.FirstPersonExampleMap
[2020.04.10-14.39.27:615][672]LogContentValidation: Display: Validating Blueprint /Game/Anima.Anima
[2020.04.10-14.39.31:349][872]LogUObjectHash: Compacting FUObjectHashTables data took   5.29ms
[2020.04.10-14.39.31:556][872]LogSlate: Window 'Sotamort - Unreal Editor' being destroyed
[2020.04.10-14.39.31:574][872]LogWindowsTextInputMethodSystem: Display: IME system now deactivated.
[2020.04.10-14.39.32:081][873]Cmd: QUIT_EDITOR
[2020.04.10-14.39.32:081][873]LogCore: Engine exit requested (reason: UUnrealEdEngine::CloseEditor())
[2020.04.10-14.39.32:160][873]LogCore: Engine exit requested (reason: EngineExit() was called; note: exit was already requested)
[2020.04.10-14.39.32:195][873]LogAudioMixer: Display: No commands were queued while flushing the source manager.
[2020.04.10-14.39.33:388][873]LogExit: Preparing to exit.
[2020.04.10-14.39.34:962][873]LogWorld: UWorld::CleanupWorld for World_1, bSessionEnded=true, bCleanupResources=true
[2020.04.10-14.39.34:964][873]LogWorld: UWorld::CleanupWorld for World_2, bSessionEnded=true, bCleanupResources=true
[2020.04.10-14.39.34:965][873]LogWorld: UWorld::CleanupWorld for World_3, bSessionEnded=true, bCleanupResources=true
[2020.04.10-14.39.35:066][873]LogExit: Transaction tracking system shut down
[2020.04.10-14.39.35:222][873]LogDemo: Cleaned up 0 splitscreen connections with owner deletion
[2020.04.10-14.39.35:568][873]LogExit: Editor shut down
[2020.04.10-14.39.39:024][873]LogExit: Object subsystem successfully closed.
[2020.04.10-14.39.39:843][873]LogShaderCompilers: Display: Shaders left to compile 0
[2020.04.10-14.39.42:122][873]LogModuleManager: Shutting down and abandoning module MovieSceneCapture (702)
[2020.04.10-14.39.42:122][873]LogModuleManager: Shutting down and abandoning module Voice (700)
[2020.04.10-14.39.42:185][873]LogModuleManager: Shutting down and abandoning module BlueprintGraph (698)
[2020.04.10-14.39.42:252][873]LogModuleManager: Shutting down and abandoning module HierarchicalLODOutliner (696)
[2020.04.10-14.39.42:252][873]LogModuleManager: Shutting down and abandoning module SceneOutliner (694)
[2020.04.10-14.39.42:265][873]LogModuleManager: Shutting down and abandoning module AddContentDialog (692)
[2020.04.10-14.39.42:489][873]LogModuleManager: Shutting down and abandoning module WidgetCarousel (691)
[2020.04.10-14.39.42:489][873]LogModuleManager: Shutting down and abandoning module EditorWidgets (688)
[2020.04.10-14.39.42:489][873]LogModuleManager: Shutting down and abandoning module CollectionManager (686)
[2020.04.10-14.39.42:634][873]LogModuleManager: Shutting down and abandoning module StatsViewer (684)
[2020.04.10-14.39.42:682][873]LogModuleManager: Shutting down and abandoning module VirtualTexturingEditor (682)
[2020.04.10-14.39.42:703][873]LogModuleManager: Shutting down and abandoning module FoliageEdit (680)
[2020.04.10-14.39.42:726][873]LogModuleManager: Shutting down and abandoning module LandscapeEditor (678)
[2020.04.10-14.39.42:904][873]LogModuleManager: Shutting down and abandoning module MeshPaintMode (676)
[2020.04.10-14.39.42:907][873]LogModuleManager: Shutting down and abandoning module SceneDepthPickerMode (674)
[2020.04.10-14.39.42:907][873]LogModuleManager: Shutting down and abandoning module ActorPickerMode (672)
[2020.04.10-14.39.42:907][873]LogModuleManager: Shutting down and abandoning module GeometryMode (670)
[2020.04.10-14.39.42:907][873]LogModuleManager: Shutting down and abandoning module TextureAlignMode (668)
[2020.04.10-14.39.42:907][873]LogModuleManager: Shutting down and abandoning module BspMode (666)
[2020.04.10-14.39.42:907][873]LogModuleManager: Shutting down and abandoning module PIEPreviewDeviceProfileSelector (664)
[2020.04.10-14.39.42:936][873]LogModuleManager: Shutting down and abandoning module SequenceRecorderSections (662)
[2020.04.10-14.39.42:950][873]LogModuleManager: Shutting down and abandoning module AutomationWorker (660)
[2020.04.10-14.39.42:961][873]LogModuleManager: Shutting down and abandoning module SteamVREditor (658)
[2020.04.10-14.39.42:961][873]LogModuleManager: Shutting down and abandoning module OculusMR (656)
[2020.04.10-14.39.42:961][873]LogModuleManager: Shutting down and abandoning module AudioCaptureEditor (654)
[2020.04.10-14.39.42:965][873]LogModuleManager: Shutting down and abandoning module MatineeToLevelSequence (652)
[2020.04.10-14.39.42:979][873]LogModuleManager: Shutting down and abandoning module LevelSequenceEditor (650)
[2020.04.10-14.39.43:330][873]LogModuleManager: Shutting down and abandoning module PlacementMode (649)
[2020.04.10-14.39.43:330][873]LogModuleManager: Shutting down and abandoning module MaterialEditor (648)
[2020.04.10-14.39.43:357][873]LogModuleManager: Shutting down and abandoning module ActorSequenceEditor (644)
[2020.04.10-14.39.43:405][873]LogModuleManager: Shutting down and abandoning module WmfMediaFactory (642)
[2020.04.10-14.39.43:406][873]LogModuleManager: Shutting down and abandoning module WmfMediaEditor (640)
[2020.04.10-14.39.43:406][873]LogModuleManager: Shutting down and abandoning module WebMMediaFactory (638)
[2020.04.10-14.39.43:406][873]LogModuleManager: Shutting down and abandoning module WebMMediaEditor (636)
[2020.04.10-14.39.43:406][873]LogModuleManager: Shutting down and abandoning module WebMMedia (634)
[2020.04.10-14.39.43:444][873]LogModuleManager: Shutting down and abandoning module MediaPlayerEditor (632)
[2020.04.10-14.39.43:472][873]LogModuleManager: Shutting down and abandoning module MediaCompositingEditor (630)
[2020.04.10-14.39.43:536][873]LogModuleManager: Shutting down and abandoning module SequenceRecorder (629)
[2020.04.10-14.39.43:536][873]LogModuleManager: Shutting down and abandoning module OpenExrWrapper (626)
[2020.04.10-14.39.43:536][873]LogModuleManager: Shutting down and abandoning module ImgMediaFactory (624)
[2020.04.10-14.39.43:536][873]LogModuleManager: Shutting down and abandoning module ImgMediaEditor (622)
[2020.04.10-14.39.43:536][873]LogModuleManager: Shutting down and abandoning module AvfMediaFactory (620)
[2020.04.10-14.39.43:536][873]LogModuleManager: Shutting down and abandoning module AvfMediaEditor (618)
[2020.04.10-14.39.43:536][873]LogModuleManager: Shutting down and abandoning module AndroidMediaFactory (616)
[2020.04.10-14.39.43:536][873]LogModuleManager: Shutting down and abandoning module AndroidMediaEditor (614)
[2020.04.10-14.39.43:536][873]LogModuleManager: Shutting down and abandoning module MagicLeapMediaCodecFactory (612)
[2020.04.10-14.39.43:536][873]LogModuleManager: Shutting down and abandoning module MagicLeapMediaFactory (610)
[2020.04.10-14.39.43:550][873]LogModuleManager: Shutting down and abandoning module MagicLeapMediaEditor (608)
[2020.04.10-14.39.43:550][873]LogModuleManager: Shutting down and abandoning module CharacterAI (606)
[2020.04.10-14.39.43:550][873]LogModuleManager: Shutting down and abandoning module SmartSnapping (604)
[2020.04.10-14.39.43:550][873]LogModuleManager: Shutting down and abandoning module SessionServices (602)
[2020.04.10-14.39.43:550][873]LogModuleManager: Shutting down and abandoning module MeshPaint (600)
[2020.04.10-14.39.43:564][873]LogModuleManager: Shutting down and abandoning module ViewportSnapping (598)
[2020.04.10-14.39.43:564][873]LogModuleManager: Shutting down and abandoning module ViewportInteraction (596)
[2020.04.10-14.39.43:564][873]LogModuleManager: Shutting down and abandoning module ClothPainter (594)
[2020.04.10-14.39.43:594][873]LogModuleManager: Shutting down and abandoning module SkeletalMeshEditor (593)
[2020.04.10-14.39.43:606][873]LogModuleManager: Shutting down and abandoning module LogVisualizer (590)
[2020.04.10-14.39.43:633][873]LogModuleManager: Shutting down and abandoning module IntroTutorials (588)
[2020.04.10-14.39.43:644][873]LogModuleManager: Shutting down and abandoning module GameProjectGeneration (587)
[2020.04.10-14.39.43:663][873]LogModuleManager: Shutting down and abandoning module LuminPlatformEditor (584)
[2020.04.10-14.39.43:663][873]LogModuleManager: Shutting down and abandoning module IOSPlatformEditor (582)
[2020.04.10-14.39.43:697][873]LogModuleManager: Shutting down and abandoning module AndroidPlatformEditor (580)
[2020.04.10-14.39.43:706][873]LogModuleManager: Shutting down and abandoning module AndroidDeviceDetection (579)
[2020.04.10-14.39.44:149][873]LogModuleManager: Shutting down and abandoning module WindowsPlatformEditor (576)
[2020.04.10-14.39.44:150][873]LogModuleManager: Shutting down and abandoning module LuminRuntimeSettings (574)
[2020.04.10-14.39.44:150][873]LogModuleManager: Shutting down and abandoning module IOSRuntimeSettings (572)
[2020.04.10-14.39.44:150][873]LogModuleManager: Shutting down and abandoning module AndroidRuntimeSettings (570)
[2020.04.10-14.39.44:150][873]LogModuleManager: Shutting down and abandoning module EditorInteractiveToolsFramework (568)
[2020.04.10-14.39.44:150][873]LogModuleManager: Shutting down and abandoning module TimeManagementEditor (566)
[2020.04.10-14.39.44:150][873]LogModuleManager: Shutting down and abandoning module InputBindingEditor (564)
[2020.04.10-14.39.44:174][873]LogModuleManager: Shutting down and abandoning module MergeActors (562)
